TN:
SF:agents\architecture\index.ts
FN:24,(anonymous_0)
FN:29,(anonymous_1)
FN:44,(anonymous_2)
FN:57,(anonymous_3)
FN:78,generateArchitecture
FNF:5
FNH:0
FNDA:0,(anonymous_0)
FNDA:0,(anonymous_1)
FNDA:0,(anonymous_2)
FNDA:0,(anonymous_3)
FNDA:0,generateArchitecture
DA:1,0
DA:2,0
DA:21,0
DA:22,0
DA:30,0
DA:33,0
DA:34,0
DA:36,0
DA:38,0
DA:45,0
DA:58,0
DA:78,0
DA:79,0
DA:81,0
LF:14
LH:0
BRF:0
BRH:0
end_of_record
TN:
SF:agents\codegen\index.ts
FN:7,(anonymous_0)
FN:14,(anonymous_1)
FN:45,(anonymous_2)
FNF:3
FNH:0
FNDA:0,(anonymous_0)
FNDA:0,(anonymous_1)
FNDA:0,(anonymous_2)
DA:1,0
DA:4,0
DA:5,0
DA:15,0
DA:16,0
DA:18,0
DA:21,0
DA:27,0
DA:28,0
DA:29,0
DA:34,0
DA:35,0
DA:37,0
DA:38,0
DA:40,0
DA:42,0
DA:45,0
LF:17
LH:0
BRF:0
BRH:0
end_of_record
TN:
SF:agents\delivery\index.ts
FN:14,(anonymous_9)
FN:19,(anonymous_10)
FNF:2
FNH:0
FNDA:0,(anonymous_9)
FNDA:0,(anonymous_10)
DA:1,0
DA:2,0
DA:3,0
DA:11,0
DA:12,0
DA:20,0
DA:22,0
DA:23,0
DA:24,0
DA:27,0
DA:34,0
DA:35,0
DA:37,0
DA:39,0
LF:14
LH:0
BRDA:23,0,0,0
BRF:1
BRH:0
end_of_record
TN:
SF:agents\docs\index.ts
FN:12,(anonymous_0)
FN:17,(anonymous_1)
FN:31,(anonymous_2)
FN:42,(anonymous_3)
FN:50,(anonymous_4)
FN:53,(anonymous_5)
FN:57,(anonymous_6)
FN:77,generateDocuments
FNF:8
FNH:0
FNDA:0,(anonymous_0)
FNDA:0,(anonymous_1)
FNDA:0,(anonymous_2)
FNDA:0,(anonymous_3)
FNDA:0,(anonymous_4)
FNDA:0,(anonymous_5)
FNDA:0,(anonymous_6)
FNDA:0,generateDocuments
DA:1,0
DA:9,0
DA:10,0
DA:18,0
DA:21,0
DA:24,0
DA:26,0
DA:28,0
DA:32,0
DA:42,0
DA:50,0
DA:53,0
DA:58,0
DA:77,0
DA:78,0
DA:79,0
LF:16
LH:0
BRDA:45,0,0,0
BRDA:45,0,1,0
BRDA:46,1,0,0
BRDA:46,1,1,0
BRDA:47,2,0,0
BRDA:47,2,1,0
BRF:6
BRH:0
end_of_record
TN:
SF:agents\pdf\index.ts
FN:1,(anonymous_4)
FN:1,(anonymous_5)
FN:6,(anonymous_6)
FN:6,(anonymous_7)
FN:9,(anonymous_8)
FN:9,(anonymous_9)
FN:10,(anonymous_10)
FN:10,(anonymous_11)
FNF:8
FNH:0
FNDA:0,(anonymous_4)
FNDA:0,(anonymous_5)
FNDA:0,(anonymous_6)
FNDA:0,(anonymous_7)
FNDA:0,(anonymous_8)
FNDA:0,(anonymous_9)
FNDA:0,(anonymous_10)
FNDA:0,(anonymous_11)
DA:1,0
DA:2,0
DA:3,0
DA:6,0
DA:9,0
DA:10,0
LF:6
LH:0
BRF:0
BRH:0
end_of_record
TN:
SF:agents\pdf\pdf-agent.ts
FN:42,(anonymous_0)
FN:52,(anonymous_1)
FN:56,(anonymous_2)
FN:58,(anonymous_3)
FN:69,(anonymous_4)
FN:135,(anonymous_5)
FN:143,(anonymous_6)
FN:147,(anonymous_7)
FN:168,(anonymous_8)
FN:185,(anonymous_9)
FN:209,(anonymous_10)
FN:219,(anonymous_11)
FN:248,(anonymous_12)
FN:260,(anonymous_13)
FN:289,(anonymous_14)
FN:301,(anonymous_15)
FN:319,(anonymous_16)
FN:333,(anonymous_17)
FN:355,(anonymous_18)
FN:374,(anonymous_19)
FN:383,(anonymous_20)
FN:400,(anonymous_21)
FN:416,(anonymous_22)
FN:434,(anonymous_23)
FN:456,(anonymous_24)
FN:485,generatePDF
FNF:26
FNH:0
FNDA:0,(anonymous_0)
FNDA:0,(anonymous_1)
FNDA:0,(anonymous_2)
FNDA:0,(anonymous_3)
FNDA:0,(anonymous_4)
FNDA:0,(anonymous_5)
FNDA:0,(anonymous_6)
FNDA:0,(anonymous_7)
FNDA:0,(anonymous_8)
FNDA:0,(anonymous_9)
FNDA:0,(anonymous_10)
FNDA:0,(anonymous_11)
FNDA:0,(anonymous_12)
FNDA:0,(anonymous_13)
FNDA:0,(anonymous_14)
FNDA:0,(anonymous_15)
FNDA:0,(anonymous_16)
FNDA:0,(anonymous_17)
FNDA:0,(anonymous_18)
FNDA:0,(anonymous_19)
FNDA:0,(anonymous_20)
FNDA:0,(anonymous_21)
FNDA:0,(anonymous_22)
FNDA:0,(anonymous_23)
FNDA:0,(anonymous_24)
FNDA:0,generatePDF
DA:1,0
DA:3,0
DA:4,0
DA:18,0
DA:27,0
DA:28,0
DA:29,0
DA:35,0
DA:36,0
DA:37,0
DA:38,0
DA:43,0
DA:44,0
DA:46,0
DA:53,0
DA:57,0
DA:59,0
DA:70,0
DA:72,0
DA:79,0
DA:80,0
DA:81,0
DA:82,0
DA:83,0
DA:84,0
DA:85,0
DA:86,0
DA:87,0
DA:88,0
DA:89,0
DA:90,0
DA:91,0
DA:93,0
DA:94,0
DA:96,0
DA:98,0
DA:106,0
DA:108,0
DA:115,0
DA:116,0
DA:119,0
DA:120,0
DA:123,0
DA:124,0
DA:127,0
DA:136,0
DA:137,0
DA:138,0
DA:140,0
DA:144,0
DA:148,0
DA:158,0
DA:165,0
DA:173,0
DA:174,0
DA:175,0
DA:176,0
DA:178,0
DA:186,0
DA:192,0
DA:193,0
DA:196,0
DA:197,0
DA:198,0
DA:200,0
DA:210,0
DA:220,0
DA:222,0
DA:228,0
DA:229,0
DA:232,0
DA:233,0
DA:234,0
DA:235,0
DA:237,0
DA:245,0
DA:249,0
DA:257,0
DA:261,0
DA:263,0
DA:269,0
DA:270,0
DA:273,0
DA:274,0
DA:275,0
DA:276,0
DA:278,0
DA:286,0
DA:290,0
DA:298,0
DA:305,0
DA:311,0
DA:324,0
DA:330,0
DA:338,0
DA:339,0
DA:342,0
DA:348,0
DA:349,0
DA:352,0
DA:360,0
DA:361,0
DA:362,0
DA:364,0
DA:371,0
DA:375,0
DA:379,0
DA:380,0
DA:384,0
DA:386,0
DA:387,0
DA:388,0
DA:394,0
DA:397,0
DA:401,0
DA:403,0
DA:404,0
DA:413,0
DA:417,0
DA:419,0
DA:420,0
DA:423,0
DA:424,0
DA:427,0
DA:428,0
DA:431,0
DA:438,0
DA:453,0
DA:465,0
DA:473,0
DA:485,0
DA:486,0
DA:487,0
LF:133
LH:0
BRDA:43,0,0,0
BRDA:43,0,1,0
BRDA:44,1,0,0
BRDA:44,1,1,0
BRDA:75,2,0,0
BRDA:75,2,1,0
BRDA:110,3,0,0
BRDA:110,3,1,0
BRDA:111,4,0,0
BRDA:111,4,1,0
BRDA:115,5,0,0
BRDA:119,6,0,0
BRDA:123,7,0,0
BRDA:128,8,0,0
BRDA:128,8,1,0
BRDA:130,9,0,0
BRDA:130,9,1,0
BRDA:137,10,0,0
BRDA:188,11,0,0
BRDA:188,11,1,0
BRDA:192,12,0,0
BRDA:192,13,0,0
BRDA:192,13,1,0
BRDA:202,14,0,0
BRDA:202,14,1,0
BRDA:203,15,0,0
BRDA:203,15,1,0
BRDA:224,16,0,0
BRDA:224,16,1,0
BRDA:228,17,0,0
BRDA:228,18,0,0
BRDA:228,18,1,0
BRDA:239,19,0,0
BRDA:239,19,1,0
BRDA:240,20,0,0
BRDA:240,20,1,0
BRDA:265,21,0,0
BRDA:265,21,1,0
BRDA:269,22,0,0
BRDA:269,23,0,0
BRDA:269,23,1,0
BRDA:280,24,0,0
BRDA:280,24,1,0
BRDA:281,25,0,0
BRDA:281,25,1,0
BRDA:314,26,0,0
BRDA:314,26,1,0
BRDA:315,27,0,0
BRDA:315,27,1,0
BRDA:338,28,0,0
BRDA:338,29,0,0
BRDA:338,29,1,0
BRDA:348,30,0,0
BRDA:348,31,0,0
BRDA:348,31,1,0
BRDA:419,32,0,0
BRDA:423,33,0,0
BRDA:423,34,0,0
BRDA:423,34,1,0
BRDA:427,35,0,0
BRDA:427,36,0,0
BRDA:427,36,1,0
BRDA:447,37,0,0
BRDA:447,37,1,0
BRDA:449,38,0,0
BRDA:449,38,1,0
BRDA:450,39,0,0
BRDA:450,39,1,0
BRF:68
BRH:0
end_of_record
TN:
SF:agents\pdf\types.ts
FNF:0
FNH:0
DA:1,0
DA:3,0
DA:4,0
DA:5,0
DA:6,0
DA:7,0
DA:8,0
DA:9,0
DA:11,0
DA:33,0
DA:45,0
DA:55,0
DA:74,0
DA:85,0
DA:101,0
DA:110,0
DA:124,0
DA:151,0
DA:169,0
DA:184,0
DA:200,0
DA:212,0
DA:222,0
DA:236,0
DA:256,0
DA:268,0
LF:26
LH:0
BRF:0
BRH:0
end_of_record
TN:
SF:agents\pdf\assets\asset-config.ts
FNF:0
FNH:0
DA:1,0
DA:6,0
DA:12,0
DA:18,0
DA:24,0
DA:30,0
DA:36,0
DA:48,0
DA:68,0
LF:9
LH:0
BRF:0
BRH:0
end_of_record
TN:
SF:agents\pdf\assets\asset-manager.ts
FN:39,(anonymous_10)
FN:64,(anonymous_11)
FN:136,(anonymous_12)
FN:146,(anonymous_13)
FN:161,(anonymous_14)
FN:169,(anonymous_15)
FN:191,(anonymous_16)
FN:228,(anonymous_17)
FN:296,(anonymous_18)
FN:345,(anonymous_19)
FN:414,(anonymous_20)
FN:465,(anonymous_21)
FN:517,(anonymous_22)
FN:544,(anonymous_23)
FN:565,(anonymous_24)
FN:581,(anonymous_25)
FN:592,(anonymous_26)
FN:603,(anonymous_27)
FN:611,(anonymous_28)
FN:621,(anonymous_29)
FN:629,(anonymous_30)
FN:636,(anonymous_31)
FN:644,(anonymous_32)
FNF:23
FNH:0
FNDA:0,(anonymous_10)
FNDA:0,(anonymous_11)
FNDA:0,(anonymous_12)
FNDA:0,(anonymous_13)
FNDA:0,(anonymous_14)
FNDA:0,(anonymous_15)
FNDA:0,(anonymous_16)
FNDA:0,(anonymous_17)
FNDA:0,(anonymous_18)
FNDA:0,(anonymous_19)
FNDA:0,(anonymous_20)
FNDA:0,(anonymous_21)
FNDA:0,(anonymous_22)
FNDA:0,(anonymous_23)
FNDA:0,(anonymous_24)
FNDA:0,(anonymous_25)
FNDA:0,(anonymous_26)
FNDA:0,(anonymous_27)
FNDA:0,(anonymous_28)
FNDA:0,(anonymous_29)
FNDA:0,(anonymous_30)
FNDA:0,(anonymous_31)
FNDA:0,(anonymous_32)
DA:1,0
DA:2,0
DA:3,0
DA:4,0
DA:5,0
DA:13,0
DA:14,0
DA:15,0
DA:23,0
DA:26,0
DA:27,0
DA:40,0
DA:41,0
DA:42,0
DA:43,0
DA:44,0
DA:45,0
DA:47,0
DA:53,0
DA:55,0
DA:65,0
DA:72,0
DA:74,0
DA:77,0
DA:79,0
DA:80,0
DA:82,0
DA:83,0
DA:85,0
DA:86,0
DA:88,0
DA:89,0
DA:91,0
DA:92,0
DA:94,0
DA:100,0
DA:101,0
DA:103,0
DA:110,0
DA:112,0
DA:118,0
DA:119,0
DA:122,0
DA:137,0
DA:143,0
DA:145,0
DA:146,0
DA:149,0
DA:153,0
DA:162,0
DA:170,0
DA:171,0
DA:172,0
DA:173,0
DA:174,0
DA:177,0
DA:183,0
DA:192,0
DA:197,0
DA:199,0
DA:200,0
DA:201,0
DA:202,0
DA:204,0
DA:207,0
DA:208,0
DA:209,0
DA:210,0
DA:213,0
DA:219,0
DA:229,0
DA:235,0
DA:237,0
DA:239,0
DA:240,0
DA:244,0
DA:245,0
DA:251,0
DA:252,0
DA:253,0
DA:256,0
DA:257,0
DA:264,0
DA:265,0
DA:267,0
DA:278,0
DA:297,0
DA:303,0
DA:305,0
DA:306,0
DA:315,0
DA:322,0
DA:329,0
DA:346,0
DA:352,0
DA:354,0
DA:355,0
DA:357,0
DA:358,0
DA:359,0
DA:361,0
DA:362,0
DA:363,0
DA:364,0
DA:365,0
DA:367,0
DA:368,0
DA:369,0
DA:372,0
DA:381,0
DA:382,0
DA:383,0
DA:385,0
DA:396,0
DA:415,0
DA:421,0
DA:423,0
DA:425,0
DA:426,0
DA:433,0
DA:434,0
DA:435,0
DA:437,0
DA:447,0
DA:466,0
DA:472,0
DA:474,0
DA:475,0
DA:477,0
DA:478,0
DA:479,0
DA:481,0
DA:482,0
DA:484,0
DA:506,0
DA:518,0
DA:519,0
DA:520,0
DA:521,0
DA:524,0
DA:525,0
DA:528,0
DA:530,0
DA:550,0
DA:551,0
DA:553,0
DA:554,0
DA:556,0
DA:558,0
DA:566,0
DA:568,0
DA:569,0
DA:570,0
DA:571,0
DA:582,0
DA:583,0
DA:585,0
DA:593,0
DA:594,0
DA:595,0
DA:597,0
DA:604,0
DA:612,0
DA:613,0
DA:622,0
DA:630,0
DA:637,0
DA:645,0
LF:168
LH:0
BRDA:40,0,0,0
BRDA:40,0,1,0
BRDA:41,1,0,0
BRDA:41,1,1,0
BRDA:42,2,0,0
BRDA:42,2,1,0
BRDA:43,3,0,0
BRDA:43,3,1,0
BRDA:44,4,0,0
BRDA:44,4,1,0
BRDA:45,5,0,0
BRDA:45,5,1,0
BRDA:77,6,0,0
BRDA:77,6,1,0
BRDA:77,6,2,0
BRDA:77,6,3,0
BRDA:77,6,4,0
BRDA:77,6,5,0
BRDA:115,7,0,0
BRDA:115,7,1,0
BRDA:118,8,0,0
BRDA:124,9,0,0
BRDA:124,9,1,0
BRDA:125,10,0,0
BRDA:125,10,1,0
BRDA:162,11,0,0
BRDA:162,11,1,0
BRDA:171,12,0,0
BRDA:173,13,0,0
BRDA:173,14,0,0
BRDA:173,14,1,0
BRDA:180,15,0,0
BRDA:180,15,1,0
BRDA:200,16,0,0
BRDA:209,17,0,0
BRDA:215,18,0,0
BRDA:215,18,1,0
BRDA:240,19,0,0
BRDA:240,19,1,0
BRDA:244,20,0,0
BRDA:244,21,0,0
BRDA:244,21,1,0
BRDA:247,22,0,0
BRDA:247,22,1,0
BRDA:248,23,0,0
BRDA:248,23,1,0
BRDA:256,24,0,0
BRDA:256,25,0,0
BRDA:256,25,1,0
BRDA:272,26,0,0
BRDA:272,26,1,0
BRDA:274,27,0,0
BRDA:274,27,1,0
BRDA:305,28,0,0
BRDA:361,29,0,0
BRDA:361,30,0,0
BRDA:361,30,1,0
BRDA:362,31,0,0
BRDA:362,32,0,0
BRDA:362,32,1,0
BRDA:367,33,0,0
BRDA:381,34,0,0
BRDA:381,34,1,0
BRDA:390,35,0,0
BRDA:390,35,1,0
BRDA:425,36,0,0
BRDA:425,36,1,0
BRDA:442,37,0,0
BRDA:442,37,1,0
BRDA:474,38,0,0
BRDA:481,39,0,0
BRDA:481,39,1,0
BRDA:482,40,0,0
BRDA:482,40,1,0
BRDA:497,41,0,0
BRDA:497,41,1,0
BRDA:519,42,0,0
BRDA:519,43,0,0
BRDA:519,43,1,0
BRDA:524,44,0,0
BRDA:531,45,0,0
BRDA:531,45,1,0
BRDA:570,46,0,0
BRDA:582,47,0,0
BRDA:595,48,0,0
BRDA:595,48,1,0
BRDA:612,49,0,0
BRF:87
BRH:0
end_of_record
TN:
SF:agents\pdf\assets\font-loader.ts
FN:11,(anonymous_10)
FN:35,(anonymous_11)
FN:44,(anonymous_12)
FN:97,(anonymous_13)
FN:141,(anonymous_14)
FN:207,(anonymous_15)
FN:245,(anonymous_16)
FN:280,(anonymous_17)
FN:306,(anonymous_18)
FN:328,(anonymous_19)
FN:354,(anonymous_20)
FN:362,(anonymous_21)
FN:369,(anonymous_22)
FNF:13
FNH:0
FNDA:0,(anonymous_10)
FNDA:0,(anonymous_11)
FNDA:0,(anonymous_12)
FNDA:0,(anonymous_13)
FNDA:0,(anonymous_14)
FNDA:0,(anonymous_15)
FNDA:0,(anonymous_16)
FNDA:0,(anonymous_17)
FNDA:0,(anonymous_18)
FNDA:0,(anonymous_19)
FNDA:0,(anonymous_20)
FNDA:0,(anonymous_21)
FNDA:0,(anonymous_22)
DA:1,0
DA:2,0
DA:3,0
DA:4,0
DA:10,0
DA:13,0
DA:14,0
DA:15,0
DA:17,0
DA:18,0
DA:26,0
DA:27,0
DA:28,0
DA:36,0
DA:45,0
DA:51,0
DA:53,0
DA:56,0
DA:57,0
DA:58,0
DA:60,0
DA:61,0
DA:64,0
DA:71,0
DA:73,0
DA:78,0
DA:80,0
DA:83,0
DA:98,0
DA:103,0
DA:106,0
DA:107,0
DA:108,0
DA:115,0
DA:118,0
DA:120,0
DA:125,0
DA:128,0
DA:142,0
DA:143,0
DA:145,0
DA:147,0
DA:149,0
DA:152,0
DA:154,0
DA:159,0
DA:161,0
DA:166,0
DA:169,0
DA:171,0
DA:172,0
DA:173,0
DA:174,0
DA:175,0
DA:176,0
DA:177,0
DA:178,0
DA:179,0
DA:180,0
DA:186,0
DA:193,0
DA:198,0
DA:208,0
DA:214,0
DA:216,0
DA:217,0
DA:219,0
DA:221,0
DA:226,0
DA:228,0
DA:231,0
DA:246,0
DA:247,0
DA:248,0
DA:249,0
DA:252,0
DA:253,0
DA:256,0
DA:257,0
DA:258,0
DA:261,0
DA:263,0
DA:264,0
DA:266,0
DA:281,0
DA:282,0
DA:285,0
DA:287,0
DA:289,0
DA:290,0
DA:291,0
DA:295,0
DA:297,0
DA:307,0
DA:308,0
DA:310,0
DA:315,0
DA:316,0
DA:317,0
DA:320,0
DA:329,0
DA:331,0
DA:332,0
DA:334,0
DA:335,0
DA:336,0
DA:337,0
DA:338,0
DA:339,0
DA:343,0
DA:346,0
DA:355,0
DA:363,0
DA:370,0
DA:371,0
LF:115
LH:0
BRDA:36,0,0,0
BRDA:36,0,1,0
BRDA:56,1,0,0
BRDA:56,1,1,0
BRDA:81,2,0,0
BRDA:81,2,1,0
BRDA:84,3,0,0
BRDA:84,3,1,0
BRDA:87,4,0,0
BRDA:87,4,1,0
BRDA:106,5,0,0
BRDA:106,5,1,0
BRDA:126,6,0,0
BRDA:126,6,1,0
BRDA:129,7,0,0
BRDA:129,7,1,0
BRDA:131,8,0,0
BRDA:131,8,1,0
BRDA:132,9,0,0
BRDA:132,9,1,0
BRDA:147,10,0,0
BRDA:147,10,1,0
BRDA:147,10,2,0
BRDA:150,11,0,0
BRDA:150,11,1,0
BRDA:157,12,0,0
BRDA:157,12,1,0
BRDA:164,13,0,0
BRDA:164,13,1,0
BRDA:173,14,0,0
BRDA:177,15,0,0
BRDA:179,16,0,0
BRDA:179,17,0,0
BRDA:179,17,1,0
BRDA:188,18,0,0
BRDA:188,18,1,0
BRDA:229,19,0,0
BRDA:229,19,1,0
BRDA:232,20,0,0
BRDA:232,20,1,0
BRDA:235,21,0,0
BRDA:235,21,1,0
BRDA:247,22,0,0
BRDA:247,23,0,0
BRDA:247,23,1,0
BRDA:252,24,0,0
BRDA:257,25,0,0
BRDA:263,26,0,0
BRDA:267,27,0,0
BRDA:267,27,1,0
BRDA:270,28,0,0
BRDA:270,28,1,0
BRDA:287,29,0,0
BRDA:290,30,0,0
BRDA:316,31,0,0
BRDA:336,32,0,0
BRDA:336,32,1,0
BRDA:338,33,0,0
BRF:58
BRH:0
end_of_record
TN:
SF:agents\pdf\assets\image-processor.ts
FN:29,(anonymous_1)
FN:56,(anonymous_2)
FN:67,(anonymous_3)
FN:88,(anonymous_4)
FN:137,(anonymous_5)
FN:193,(anonymous_6)
FN:247,(anonymous_7)
FN:304,(anonymous_8)
FN:345,(anonymous_9)
FN:372,(anonymous_10)
FN:399,(anonymous_11)
FN:422,(anonymous_12)
FNF:12
FNH:0
FNDA:0,(anonymous_1)
FNDA:0,(anonymous_2)
FNDA:0,(anonymous_3)
FNDA:0,(anonymous_4)
FNDA:0,(anonymous_5)
FNDA:0,(anonymous_6)
FNDA:0,(anonymous_7)
FNDA:0,(anonymous_8)
FNDA:0,(anonymous_9)
FNDA:0,(anonymous_10)
FNDA:0,(anonymous_11)
FNDA:0,(anonymous_12)
DA:1,0
DA:2,0
DA:11,0
DA:12,0
DA:17,0
DA:28,0
DA:31,0
DA:32,0
DA:34,0
DA:35,0
DA:47,0
DA:57,0
DA:58,0
DA:59,0
DA:68,0
DA:69,0
DA:70,0
DA:72,0
DA:74,0
DA:89,0
DA:90,0
DA:92,0
DA:94,0
DA:95,0
DA:97,0
DA:98,0
DA:101,0
DA:102,0
DA:105,0
DA:106,0
DA:109,0
DA:110,0
DA:112,0
DA:118,0
DA:120,0
DA:123,0
DA:138,0
DA:140,0
DA:141,0
DA:142,0
DA:143,0
DA:145,0
DA:147,0
DA:149,0
DA:150,0
DA:152,0
DA:153,0
DA:155,0
DA:156,0
DA:158,0
DA:159,0
DA:161,0
DA:164,0
DA:166,0
DA:172,0
DA:174,0
DA:177,0
DA:199,0
DA:208,0
DA:209,0
DA:210,0
DA:211,0
DA:213,0
DA:220,0
DA:222,0
DA:227,0
DA:229,0
DA:232,0
DA:252,0
DA:259,0
DA:260,0
DA:262,0
DA:264,0
DA:265,0
DA:267,0
DA:268,0
DA:270,0
DA:271,0
DA:273,0
DA:274,0
DA:276,0
DA:277,0
DA:280,0
DA:282,0
DA:286,0
DA:288,0
DA:291,0
DA:314,0
DA:315,0
DA:316,0
DA:318,0
DA:329,0
DA:351,0
DA:352,0
DA:355,0
DA:362,0
DA:377,0
DA:379,0
DA:381,0
DA:383,0
DA:385,0
DA:387,0
DA:389,0
DA:400,0
DA:401,0
DA:403,0
DA:405,0
DA:407,0
DA:409,0
DA:411,0
DA:413,0
DA:423,0
DA:426,0
DA:428,0
DA:430,0
DA:432,0
DA:434,0
DA:436,0
LF:118
LH:0
BRDA:57,0,0,0
BRDA:57,0,1,0
BRDA:58,1,0,0
BRDA:58,1,1,0
BRDA:59,2,0,0
BRDA:59,2,1,0
BRDA:69,3,0,0
BRDA:75,4,0,0
BRDA:75,4,1,0
BRDA:77,5,0,0
BRDA:77,5,1,0
BRDA:97,6,0,0
BRDA:97,7,0,0
BRDA:97,7,1,0
BRDA:101,8,0,0
BRDA:102,9,0,0
BRDA:102,9,1,0
BRDA:105,10,0,0
BRDA:113,11,0,0
BRDA:113,11,1,0
BRDA:121,12,0,0
BRDA:121,12,1,0
BRDA:124,13,0,0
BRDA:124,13,1,0
BRDA:126,14,0,0
BRDA:126,14,1,0
BRDA:143,15,0,0
BRDA:143,15,1,0
BRDA:145,16,0,0
BRDA:145,16,1,0
BRDA:147,17,0,0
BRDA:147,17,1,0
BRDA:147,17,2,0
BRDA:147,17,3,0
BRDA:147,17,4,0
BRDA:175,18,0,0
BRDA:175,18,1,0
BRDA:178,19,0,0
BRDA:178,19,1,0
BRDA:180,20,0,0
BRDA:180,20,1,0
BRDA:197,21,0,0
BRDA:211,22,0,0
BRDA:211,22,1,0
BRDA:217,23,0,0
BRDA:217,23,1,0
BRDA:230,24,0,0
BRDA:230,24,1,0
BRDA:233,25,0,0
BRDA:233,25,1,0
BRDA:235,26,0,0
BRDA:235,26,1,0
BRDA:250,27,0,0
BRDA:262,28,0,0
BRDA:262,28,1,0
BRDA:262,28,2,0
BRDA:262,28,3,0
BRDA:262,28,4,0
BRDA:289,29,0,0
BRDA:289,29,1,0
BRDA:292,30,0,0
BRDA:292,30,1,0
BRDA:294,31,0,0
BRDA:294,31,1,0
BRDA:330,32,0,0
BRDA:330,32,1,0
BRDA:332,33,0,0
BRDA:332,33,1,0
BRDA:351,34,0,0
BRDA:351,35,0,0
BRDA:351,35,1,0
BRDA:358,36,0,0
BRDA:358,36,1,0
BRDA:377,37,0,0
BRDA:377,37,1,0
BRDA:377,37,2,0
BRDA:377,37,3,0
BRDA:377,37,4,0
BRDA:377,37,5,0
BRDA:400,38,0,0
BRDA:400,38,1,0
BRDA:401,39,0,0
BRDA:401,39,1,0
BRDA:403,40,0,0
BRDA:403,40,1,0
BRDA:403,40,2,0
BRDA:403,40,3,0
BRDA:403,40,4,0
BRDA:423,41,0,0
BRDA:423,41,1,0
BRDA:423,41,2,0
BRDA:423,41,3,0
BRDA:423,41,4,0
BRDA:423,41,5,0
BRDA:423,41,6,0
BRF:95
BRH:0
end_of_record
TN:
SF:agents\pdf\assets\index.ts
FN:3,(anonymous_0)
FN:9,(anonymous_1)
FN:11,(anonymous_2)
FN:12,(anonymous_3)
FN:13,(anonymous_4)
FN:14,(anonymous_5)
FN:19,(anonymous_6)
FN:21,(anonymous_7)
FN:27,(anonymous_8)
FN:29,(anonymous_9)
FN:29,(anonymous_10)
FN:29,(anonymous_11)
FN:29,(anonymous_12)
FN:31,(anonymous_13)
FN:31,(anonymous_14)
FN:34,(anonymous_15)
FN:35,(anonymous_16)
FN:36,(anonymous_17)
FN:37,(anonymous_18)
FN:38,(anonymous_19)
FN:39,(anonymous_20)
FN:40,(anonymous_21)
FN:44,(anonymous_22)
FN:46,(anonymous_23)
FN:47,(anonymous_24)
FN:48,(anonymous_25)
FN:49,(anonymous_26)
FN:50,(anonymous_27)
FN:51,(anonymous_28)
FN:52,(anonymous_29)
FN:53,(anonymous_30)
FNF:31
FNH:0
FNDA:0,(anonymous_0)
FNDA:0,(anonymous_1)
FNDA:0,(anonymous_2)
FNDA:0,(anonymous_3)
FNDA:0,(anonymous_4)
FNDA:0,(anonymous_5)
FNDA:0,(anonymous_6)
FNDA:0,(anonymous_7)
FNDA:0,(anonymous_8)
FNDA:0,(anonymous_9)
FNDA:0,(anonymous_10)
FNDA:0,(anonymous_11)
FNDA:0,(anonymous_12)
FNDA:0,(anonymous_13)
FNDA:0,(anonymous_14)
FNDA:0,(anonymous_15)
FNDA:0,(anonymous_16)
FNDA:0,(anonymous_17)
FNDA:0,(anonymous_18)
FNDA:0,(anonymous_19)
FNDA:0,(anonymous_20)
FNDA:0,(anonymous_21)
FNDA:0,(anonymous_22)
FNDA:0,(anonymous_23)
FNDA:0,(anonymous_24)
FNDA:0,(anonymous_25)
FNDA:0,(anonymous_26)
FNDA:0,(anonymous_27)
FNDA:0,(anonymous_28)
FNDA:0,(anonymous_29)
FNDA:0,(anonymous_30)
DA:1,0
DA:3,0
DA:9,0
DA:11,0
DA:12,0
DA:13,0
DA:14,0
DA:19,0
DA:21,0
DA:27,0
DA:29,0
DA:31,0
DA:33,0
DA:34,0
DA:35,0
DA:36,0
DA:37,0
DA:38,0
DA:39,0
DA:40,0
DA:43,0
DA:44,0
DA:46,0
DA:47,0
DA:48,0
DA:49,0
DA:50,0
DA:51,0
DA:52,0
DA:53,0
LF:30
LH:0
BRF:0
BRH:0
end_of_record
TN:
SF:agents\pdf\charts\bar-chart.ts
FN:17,createBarChartConfig
FN:26,(anonymous_1)
FN:94,(anonymous_2)
FN:109,createHorizontalBarChartConfig
FN:122,createStackedBarChartConfig
FN:139,createGroupedBarChartConfig
FN:151,(anonymous_6)
FN:152,(anonymous_7)
FN:221,validateBarChartData
FNF:9
FNH:0
FNDA:0,createBarChartConfig
FNDA:0,(anonymous_1)
FNDA:0,(anonymous_2)
FNDA:0,createHorizontalBarChartConfig
FNDA:0,createStackedBarChartConfig
FNDA:0,createGroupedBarChartConfig
FNDA:0,(anonymous_6)
FNDA:0,(anonymous_7)
FNDA:0,validateBarChartData
DA:2,0
DA:17,0
DA:23,0
DA:24,0
DA:26,0
DA:34,0
DA:89,0
DA:94,0
DA:106,0
DA:109,0
DA:114,0
DA:122,0
DA:127,0
DA:129,0
DA:130,0
DA:132,0
DA:133,0
DA:136,0
DA:139,0
DA:144,0
DA:146,0
DA:151,0
DA:152,0
DA:218,0
DA:221,0
DA:225,0
DA:226,0
DA:229,0
DA:230,0
DA:231,0
DA:235,0
LF:31
LH:0
BRDA:91,0,0,0
BRDA:91,0,1,0
BRDA:129,1,0,0
BRDA:132,2,0,0
BRDA:225,3,0,0
BRDA:230,4,0,0
BRDA:230,5,0,0
BRDA:230,5,1,0
BRDA:230,5,2,0
BRF:9
BRH:0
end_of_record
TN:
SF:agents\pdf\charts\chart-helpers.ts
FN:58,generateColorPalette
FN:66,generateGradientColors
FN:85,hexToRgb
FN:94,rgbToHex
FN:95,(anonymous_4)
FN:101,adjustBrightness
FN:105,(anonymous_6)
FN:116,getContrastColor
FN:124,generateChartColors
FN:135,formatLabel
FN:140,calculateLabelPositions
FN:155,getDefaultFontFamily
FN:159,getDefaultFontSize
FN:171,getDefaultFontColor
FN:175,getDefaultGridColor
FN:179,calculateChartDimensions
FN:189,validateDataPoints
FN:214,sanitizeChartTitle
FNF:18
FNH:0
FNDA:0,generateColorPalette
FNDA:0,generateGradientColors
FNDA:0,hexToRgb
FNDA:0,rgbToHex
FNDA:0,(anonymous_4)
FNDA:0,adjustBrightness
FNDA:0,(anonymous_6)
FNDA:0,getContrastColor
FNDA:0,generateChartColors
FNDA:0,formatLabel
FNDA:0,calculateLabelPositions
FNDA:0,getDefaultFontFamily
FNDA:0,getDefaultFontSize
FNDA:0,getDefaultFontColor
FNDA:0,getDefaultGridColor
FNDA:0,calculateChartDimensions
FNDA:0,validateDataPoints
FNDA:0,sanitizeChartTitle
DA:1,0
DA:14,0
DA:58,0
DA:59,0
DA:60,0
DA:61,0
DA:63,0
DA:66,0
DA:67,0
DA:68,0
DA:69,0
DA:71,0
DA:72,0
DA:75,0
DA:76,0
DA:77,0
DA:78,0
DA:79,0
DA:82,0
DA:85,0
DA:86,0
DA:87,0
DA:94,0
DA:95,0
DA:96,0
DA:97,0
DA:101,0
DA:102,0
DA:103,0
DA:105,0
DA:106,0
DA:109,0
DA:110,0
DA:111,0
DA:113,0
DA:116,0
DA:117,0
DA:118,0
DA:120,0
DA:121,0
DA:124,0
DA:129,0
DA:130,0
DA:132,0
DA:135,0
DA:136,0
DA:137,0
DA:140,0
DA:145,0
DA:146,0
DA:148,0
DA:149,0
DA:152,0
DA:155,0
DA:156,0
DA:159,0
DA:160,0
DA:162,0
DA:164,0
DA:167,0
DA:171,0
DA:172,0
DA:175,0
DA:176,0
DA:179,0
DA:184,0
DA:185,0
DA:186,0
DA:189,0
DA:193,0
DA:194,0
DA:195,0
DA:196,0
DA:198,0
DA:199,0
DA:200,0
DA:204,0
DA:205,0
DA:206,0
DA:207,0
DA:211,0
DA:214,0
DA:215,0
LF:83
LH:0
BRDA:58,0,0,0
BRDA:71,1,0,0
BRDA:71,2,0,0
BRDA:71,2,1,0
BRDA:87,3,0,0
BRDA:87,3,1,0
BRDA:97,4,0,0
BRDA:97,4,1,0
BRDA:103,5,0,0
BRDA:118,6,0,0
BRDA:121,7,0,0
BRDA:121,7,1,0
BRDA:126,8,0,0
BRDA:127,9,0,0
BRDA:129,10,0,0
BRDA:129,11,0,0
BRDA:129,11,1,0
BRDA:135,12,0,0
BRDA:136,13,0,0
BRDA:143,14,0,0
BRDA:160,15,0,0
BRDA:160,15,1,0
BRDA:160,15,2,0
BRDA:160,15,3,0
BRDA:182,16,0,0
BRDA:184,17,0,0
BRDA:184,17,1,0
BRDA:185,18,0,0
BRDA:185,18,1,0
BRDA:193,19,0,0
BRDA:193,20,0,0
BRDA:193,20,1,0
BRDA:195,21,0,0
BRDA:195,22,0,0
BRDA:195,22,1,0
BRDA:199,23,0,0
BRDA:199,24,0,0
BRDA:199,24,1,0
BRDA:205,25,0,0
BRDA:205,25,1,0
BRDA:206,26,0,0
BRDA:206,27,0,0
BRDA:206,27,1,0
BRF:43
BRH:0
end_of_record
TN:
SF:agents\pdf\charts\index.ts
FNF:0
FNH:0
DA:1,0
DA:2,0
DA:3,0
DA:4,0
LF:4
LH:0
BRF:0
BRH:0
end_of_record
TN:
SF:agents\pdf\charts\line-chart.ts
FN:17,createLineChartConfig
FN:30,(anonymous_1)
FN:31,(anonymous_2)
FN:110,createAreaChartConfig
FN:118,createSteppedLineChartConfig
FN:130,(anonymous_5)
FN:131,(anonymous_6)
FN:211,createMultiAxisLineChartConfig
FN:224,(anonymous_8)
FN:226,(anonymous_9)
FN:237,(anonymous_10)
FN:327,validateLineChartData
FNF:12
FNH:0
FNDA:0,createLineChartConfig
FNDA:0,(anonymous_1)
FNDA:0,(anonymous_2)
FNDA:0,createAreaChartConfig
FNDA:0,createSteppedLineChartConfig
FNDA:0,(anonymous_5)
FNDA:0,(anonymous_6)
FNDA:0,createMultiAxisLineChartConfig
FNDA:0,(anonymous_8)
FNDA:0,(anonymous_9)
FNDA:0,(anonymous_10)
FNDA:0,validateLineChartData
DA:2,0
DA:17,0
DA:23,0
DA:25,0
DA:30,0
DA:31,0
DA:107,0
DA:110,0
DA:115,0
DA:118,0
DA:123,0
DA:125,0
DA:130,0
DA:131,0
DA:208,0
DA:211,0
DA:217,0
DA:219,0
DA:224,0
DA:226,0
DA:237,0
DA:324,0
DA:327,0
DA:331,0
DA:332,0
DA:335,0
DA:336,0
DA:337,0
DA:341,0
LF:29
LH:0
BRDA:37,0,0,0
BRDA:37,0,1,0
BRDA:38,1,0,0
BRDA:38,1,1,0
BRDA:39,2,0,0
BRDA:39,2,1,0
BRDA:331,3,0,0
BRDA:336,4,0,0
BRDA:336,5,0,0
BRDA:336,5,1,0
BRF:10
BRH:0
end_of_record
TN:
SF:agents\pdf\charts\pie-chart.ts
FN:16,createPieChartConfig
FN:24,(anonymous_1)
FN:31,(anonymous_2)
FN:84,createDoughnutChartConfig
FN:97,(anonymous_4)
FN:150,createPolarAreaChartConfig
FN:162,(anonymous_6)
FN:166,(anonymous_7)
FN:211,createNestedPieChartConfig
FN:226,(anonymous_9)
FN:286,validatePieChartData
FN:300,(anonymous_11)
FNF:12
FNH:0
FNDA:0,createPieChartConfig
FNDA:0,(anonymous_1)
FNDA:0,(anonymous_2)
FNDA:0,createDoughnutChartConfig
FNDA:0,(anonymous_4)
FNDA:0,createPolarAreaChartConfig
FNDA:0,(anonymous_6)
FNDA:0,(anonymous_7)
FNDA:0,createNestedPieChartConfig
FNDA:0,(anonymous_9)
FNDA:0,validatePieChartData
FNDA:0,(anonymous_11)
DA:2,0
DA:16,0
DA:22,0
DA:24,0
DA:26,0
DA:31,0
DA:81,0
DA:84,0
DA:90,0
DA:92,0
DA:97,0
DA:147,0
DA:150,0
DA:155,0
DA:157,0
DA:162,0
DA:166,0
DA:208,0
DA:211,0
DA:218,0
DA:219,0
DA:221,0
DA:226,0
DA:283,0
DA:286,0
DA:290,0
DA:291,0
DA:294,0
DA:295,0
DA:296,0
DA:300,0
DA:301,0
DA:302,0
DA:305,0
LF:34
LH:0
BRDA:69,0,0,0
BRDA:69,0,1,0
BRDA:70,1,0,0
BRDA:70,1,1,0
BRDA:71,2,0,0
BRDA:71,2,1,0
BRDA:135,3,0,0
BRDA:135,3,1,0
BRDA:136,4,0,0
BRDA:136,4,1,0
BRDA:137,5,0,0
BRDA:137,5,1,0
BRDA:290,6,0,0
BRDA:295,7,0,0
BRDA:295,8,0,0
BRDA:295,8,1,0
BRDA:295,8,2,0
BRDA:301,9,0,0
BRF:18
BRH:0
end_of_record
TN:
SF:agents\pdf\compliance\index.ts
FN:1,(anonymous_0)
FN:1,(anonymous_1)
FN:2,(anonymous_2)
FN:2,(anonymous_3)
FNF:4
FNH:0
FNDA:0,(anonymous_0)
FNDA:0,(anonymous_1)
FNDA:0,(anonymous_2)
FNDA:0,(anonymous_3)
DA:1,0
DA:2,0
LF:2
LH:0
BRF:0
BRH:0
end_of_record
TN:
SF:agents\pdf\compliance\pdfa-compliance.ts
FN:32,(anonymous_0)
FN:39,(anonymous_1)
FN:67,(anonymous_2)
FN:69,(anonymous_3)
FN:70,(anonymous_4)
FN:86,(anonymous_5)
FN:174,(anonymous_6)
FN:181,(anonymous_7)
FN:182,(anonymous_8)
FN:202,(anonymous_9)
FN:228,(anonymous_10)
FN:232,(anonymous_11)
FN:236,(anonymous_12)
FNF:13
FNH:0
FNDA:0,(anonymous_0)
FNDA:0,(anonymous_1)
FNDA:0,(anonymous_2)
FNDA:0,(anonymous_3)
FNDA:0,(anonymous_4)
FNDA:0,(anonymous_5)
FNDA:0,(anonymous_6)
FNDA:0,(anonymous_7)
FNDA:0,(anonymous_8)
FNDA:0,(anonymous_9)
FNDA:0,(anonymous_10)
FNDA:0,(anonymous_11)
FNDA:0,(anonymous_12)
DA:1,0
DA:2,0
DA:29,0
DA:33,0
DA:43,0
DA:48,0
DA:49,0
DA:51,0
DA:53,0
DA:55,0
DA:56,0
DA:59,0
DA:60,0
DA:63,0
DA:65,0
DA:67,0
DA:68,0
DA:69,0
DA:70,0
DA:73,0
DA:79,0
DA:87,0
DA:91,0
DA:93,0
DA:94,0
DA:96,0
DA:97,0
DA:98,0
DA:99,0
DA:100,0
DA:101,0
DA:103,0
DA:104,0
DA:111,0
DA:112,0
DA:119,0
DA:120,0
DA:127,0
DA:128,0
DA:135,0
DA:136,0
DA:143,0
DA:144,0
DA:151,0
DA:152,0
DA:153,0
DA:160,0
DA:161,0
DA:162,0
DA:164,0
DA:165,0
DA:173,0
DA:174,0
DA:179,0
DA:181,0
DA:182,0
DA:185,0
DA:187,0
DA:191,0
DA:203,0
DA:205,0
DA:206,0
DA:209,0
DA:210,0
DA:213,0
DA:214,0
DA:217,0
DA:218,0
DA:219,0
DA:221,0
DA:229,0
DA:233,0
DA:237,0
DA:241,0
LF:74
LH:0
BRDA:34,0,0,0
BRDA:34,0,1,0
BRDA:35,1,0,0
BRDA:35,1,1,0
BRDA:41,2,0,0
BRDA:55,3,0,0
BRDA:59,4,0,0
BRDA:67,5,0,0
BRDA:67,5,1,0
BRDA:103,6,0,0
BRDA:111,7,0,0
BRDA:119,8,0,0
BRDA:127,9,0,0
BRDA:135,10,0,0
BRDA:143,11,0,0
BRDA:152,12,0,0
BRDA:164,13,0,0
BRDA:164,14,0,0
BRDA:164,14,1,0
BRDA:188,15,0,0
BRDA:188,15,1,0
BRDA:205,16,0,0
BRDA:209,17,0,0
BRDA:213,18,0,0
BRF:24
BRH:0
end_of_record
TN:
SF:agents\pdf\compliance\pdfx-compliance.ts
FN:43,(anonymous_0)
FN:51,(anonymous_1)
FN:94,(anonymous_2)
FN:96,(anonymous_3)
FN:97,(anonymous_4)
FN:113,(anonymous_5)
FN:201,(anonymous_6)
FN:208,(anonymous_7)
FN:209,(anonymous_8)
FN:229,(anonymous_9)
FN:235,(anonymous_10)
FN:242,(anonymous_11)
FN:253,(anonymous_12)
FN:273,(anonymous_13)
FNF:14
FNH:0
FNDA:0,(anonymous_0)
FNDA:0,(anonymous_1)
FNDA:0,(anonymous_2)
FNDA:0,(anonymous_3)
FNDA:0,(anonymous_4)
FNDA:0,(anonymous_5)
FNDA:0,(anonymous_6)
FNDA:0,(anonymous_7)
FNDA:0,(anonymous_8)
FNDA:0,(anonymous_9)
FNDA:0,(anonymous_10)
FNDA:0,(anonymous_11)
FNDA:0,(anonymous_12)
FNDA:0,(anonymous_13)
DA:1,0
DA:2,0
DA:30,0
DA:40,0
DA:44,0
DA:55,0
DA:60,0
DA:61,0
DA:63,0
DA:65,0
DA:66,0
DA:67,0
DA:68,0
DA:76,0
DA:78,0
DA:79,0
DA:80,0
DA:83,0
DA:84,0
DA:85,0
DA:88,0
DA:90,0
DA:92,0
DA:94,0
DA:95,0
DA:96,0
DA:97,0
DA:100,0
DA:106,0
DA:114,0
DA:118,0
DA:120,0
DA:121,0
DA:123,0
DA:124,0
DA:125,0
DA:126,0
DA:127,0
DA:128,0
DA:130,0
DA:131,0
DA:138,0
DA:139,0
DA:146,0
DA:147,0
DA:154,0
DA:155,0
DA:162,0
DA:163,0
DA:170,0
DA:171,0
DA:178,0
DA:179,0
DA:180,0
DA:187,0
DA:188,0
DA:189,0
DA:191,0
DA:192,0
DA:200,0
DA:201,0
DA:206,0
DA:208,0
DA:209,0
DA:212,0
DA:214,0
DA:218,0
DA:230,0
DA:236,0
DA:238,0
DA:239,0
DA:241,0
DA:242,0
DA:245,0
DA:246,0
DA:250,0
DA:254,0
DA:255,0
DA:262,0
DA:263,0
DA:270,0
DA:274,0
DA:280,0
DA:284,0
LF:84
LH:0
BRDA:45,0,0,0
BRDA:45,0,1,0
BRDA:46,1,0,0
BRDA:46,1,1,0
BRDA:47,2,0,0
BRDA:47,2,1,0
BRDA:53,3,0,0
BRDA:65,4,0,0
BRDA:67,5,0,0
BRDA:78,6,0,0
BRDA:83,7,0,0
BRDA:94,8,0,0
BRDA:94,8,1,0
BRDA:130,9,0,0
BRDA:138,10,0,0
BRDA:146,11,0,0
BRDA:154,12,0,0
BRDA:162,13,0,0
BRDA:170,14,0,0
BRDA:179,15,0,0
BRDA:191,16,0,0
BRDA:191,17,0,0
BRDA:191,17,1,0
BRDA:215,18,0,0
BRDA:215,18,1,0
BRDA:242,19,0,0
BRDA:242,19,1,0
BRDA:245,20,0,0
BRDA:254,21,0,0
BRDA:262,22,0,0
BRDA:280,23,0,0
BRDA:280,23,1,0
BRF:32
BRH:0
end_of_record
TN:
SF:agents\pdf\errors\index.ts
FNF:0
FNH:0
DA:1,0
DA:2,0
LF:2
LH:0
BRF:0
BRH:0
end_of_record
TN:
SF:agents\pdf\errors\pdf-errors.ts
FN:4,(anonymous_0)
FN:15,(anonymous_1)
FN:26,(anonymous_2)
FN:37,(anonymous_3)
FN:48,(anonymous_4)
FN:55,(anonymous_5)
FN:66,(anonymous_6)
FN:77,(anonymous_7)
FN:88,(anonymous_8)
FNF:9
FNH:0
FNDA:0,(anonymous_0)
FNDA:0,(anonymous_1)
FNDA:0,(anonymous_2)
FNDA:0,(anonymous_3)
FNDA:0,(anonymous_4)
FNDA:0,(anonymous_5)
FNDA:0,(anonymous_6)
FNDA:0,(anonymous_7)
FNDA:0,(anonymous_8)
DA:1,0
DA:3,0
DA:6,0
DA:7,0
DA:9,0
DA:10,0
DA:14,0
DA:18,0
DA:20,0
DA:21,0
DA:25,0
DA:29,0
DA:31,0
DA:32,0
DA:36,0
DA:40,0
DA:42,0
DA:43,0
DA:47,0
DA:49,0
DA:50,0
DA:54,0
DA:57,0
DA:58,0
DA:60,0
DA:61,0
DA:65,0
DA:68,0
DA:69,0
DA:71,0
DA:72,0
DA:76,0
DA:79,0
DA:80,0
DA:82,0
DA:83,0
DA:87,0
DA:90,0
DA:91,0
DA:93,0
DA:94,0
LF:41
LH:0
BRF:0
BRH:0
end_of_record
TN:
SF:agents\pdf\errors\validation-errors.ts
FN:5,(anonymous_0)
FN:15,(anonymous_1)
FN:27,(anonymous_2)
FNF:3
FNH:0
FNDA:0,(anonymous_0)
FNDA:0,(anonymous_1)
FNDA:0,(anonymous_2)
DA:2,0
DA:4,0
DA:7,0
DA:9,0
DA:10,0
DA:14,0
DA:17,0
DA:18,0
DA:19,0
DA:21,0
DA:22,0
DA:26,0
DA:29,0
DA:30,0
DA:32,0
DA:33,0
LF:16
LH:0
BRF:0
BRH:0
end_of_record
TN:
SF:agents\pdf\fonts\custom-fonts.ts
FN:173,getAllCustomFonts
FN:186,getFontsByCategory
FN:187,(anonymous_2)
FN:195,getFontByFamily
FN:197,(anonymous_4)
FN:206,isCustomFont
FN:216,getFontConfig
FN:222,(anonymous_7)
FNF:8
FNH:0
FNDA:0,getAllCustomFonts
FNDA:0,getFontsByCategory
FNDA:0,(anonymous_2)
FNDA:0,getFontByFamily
FNDA:0,(anonymous_4)
FNDA:0,isCustomFont
FNDA:0,getFontConfig
FNDA:0,(anonymous_7)
DA:20,0
DA:66,0
DA:117,0
DA:147,0
DA:173,0
DA:174,0
DA:186,0
DA:187,0
DA:195,0
DA:196,0
DA:197,0
DA:206,0
DA:207,0
DA:216,0
DA:220,0
DA:221,0
DA:222,0
DA:225,0
DA:226,0
DA:235,0
LF:20
LH:0
BRDA:220,0,0,0
BRDA:220,0,1,0
BRDA:225,1,0,0
BRDA:227,2,0,0
BRDA:227,2,1,0
BRF:5
BRH:0
end_of_record
TN:
SF:agents\pdf\fonts\default-fonts.ts
FN:108,isStandardPdfFont
FN:110,(anonymous_1)
FN:119,getStandardPdfFontName
FN:121,(anonymous_3)
FNF:4
FNH:0
FNDA:0,isStandardPdfFont
FNDA:0,(anonymous_1)
FNDA:0,getStandardPdfFontName
FNDA:0,(anonymous_3)
DA:6,0
DA:26,0
DA:35,0
DA:49,0
DA:58,0
DA:108,0
DA:109,0
DA:110,0
DA:119,0
DA:120,0
DA:121,0
DA:123,0
LF:12
LH:0
BRDA:123,0,0,0
BRDA:123,0,1,0
BRF:2
BRH:0
end_of_record
TN:
SF:agents\pdf\graphics\chart-config.ts
FNF:0
FNH:0
DA:1,0
DA:155,0
LF:2
LH:0
BRF:0
BRH:0
end_of_record
TN:
SF:agents\pdf\graphics\chart-renderer.ts
FN:30,(anonymous_1)
FN:53,(anonymous_2)
FN:63,(anonymous_3)
FN:129,(anonymous_4)
FN:133,(anonymous_5)
FN:186,(anonymous_6)
FN:207,(anonymous_7)
FN:227,(anonymous_8)
FN:251,(anonymous_9)
FN:266,(anonymous_10)
FN:304,(anonymous_11)
FN:319,(anonymous_12)
FN:320,(anonymous_13)
FN:343,(anonymous_14)
FN:348,(anonymous_15)
FN:383,(anonymous_16)
FN:392,(anonymous_17)
FN:402,(anonymous_18)
FN:403,(anonymous_19)
FN:426,(anonymous_20)
FN:435,(anonymous_21)
FN:444,(anonymous_22)
FN:474,(anonymous_23)
FN:488,(anonymous_24)
FN:497,(anonymous_25)
FN:507,(anonymous_26)
FN:514,(anonymous_27)
FN:535,(anonymous_28)
FN:546,(anonymous_29)
FN:554,(anonymous_30)
FN:580,(anonymous_31)
FN:592,(anonymous_32)
FN:593,(anonymous_33)
FN:630,(anonymous_34)
FN:637,(anonymous_35)
FN:663,(anonymous_36)
FN:671,(anonymous_37)
FN:711,(anonymous_38)
FN:732,(anonymous_39)
FN:740,(anonymous_40)
FN:747,(anonymous_41)
FN:748,(anonymous_42)
FN:771,(anonymous_43)
FN:777,(anonymous_44)
FN:779,(anonymous_45)
FN:811,(anonymous_46)
FN:833,(anonymous_47)
FNF:47
FNH:0
FNDA:0,(anonymous_1)
FNDA:0,(anonymous_2)
FNDA:0,(anonymous_3)
FNDA:0,(anonymous_4)
FNDA:0,(anonymous_5)
FNDA:0,(anonymous_6)
FNDA:0,(anonymous_7)
FNDA:0,(anonymous_8)
FNDA:0,(anonymous_9)
FNDA:0,(anonymous_10)
FNDA:0,(anonymous_11)
FNDA:0,(anonymous_12)
FNDA:0,(anonymous_13)
FNDA:0,(anonymous_14)
FNDA:0,(anonymous_15)
FNDA:0,(anonymous_16)
FNDA:0,(anonymous_17)
FNDA:0,(anonymous_18)
FNDA:0,(anonymous_19)
FNDA:0,(anonymous_20)
FNDA:0,(anonymous_21)
FNDA:0,(anonymous_22)
FNDA:0,(anonymous_23)
FNDA:0,(anonymous_24)
FNDA:0,(anonymous_25)
FNDA:0,(anonymous_26)
FNDA:0,(anonymous_27)
FNDA:0,(anonymous_28)
FNDA:0,(anonymous_29)
FNDA:0,(anonymous_30)
FNDA:0,(anonymous_31)
FNDA:0,(anonymous_32)
FNDA:0,(anonymous_33)
FNDA:0,(anonymous_34)
FNDA:0,(anonymous_35)
FNDA:0,(anonymous_36)
FNDA:0,(anonymous_37)
FNDA:0,(anonymous_38)
FNDA:0,(anonymous_39)
FNDA:0,(anonymous_40)
FNDA:0,(anonymous_41)
FNDA:0,(anonymous_42)
FNDA:0,(anonymous_43)
FNDA:0,(anonymous_44)
FNDA:0,(anonymous_45)
FNDA:0,(anonymous_46)
FNDA:0,(anonymous_47)
DA:1,0
DA:6,0
DA:12,0
DA:13,0
DA:15,0
DA:29,0
DA:32,0
DA:33,0
DA:34,0
DA:36,0
DA:37,0
DA:38,0
DA:49,0
DA:54,0
DA:60,0
DA:64,0
DA:66,0
DA:67,0
DA:73,0
DA:74,0
DA:75,0
DA:82,0
DA:88,0
DA:89,0
DA:91,0
DA:92,0
DA:93,0
DA:95,0
DA:97,0
DA:99,0
DA:106,0
DA:108,0
DA:117,0
DA:125,0
DA:130,0
DA:134,0
DA:136,0
DA:137,0
DA:142,0
DA:143,0
DA:144,0
DA:151,0
DA:157,0
DA:159,0
DA:165,0
DA:167,0
DA:176,0
DA:182,0
DA:191,0
DA:192,0
DA:193,0
DA:195,0
DA:202,0
DA:203,0
DA:204,0
DA:213,0
DA:215,0
DA:216,0
DA:217,0
DA:218,0
DA:219,0
DA:221,0
DA:222,0
DA:224,0
DA:233,0
DA:235,0
DA:236,0
DA:237,0
DA:238,0
DA:241,0
DA:243,0
DA:244,0
DA:246,0
DA:247,0
DA:248,0
DA:249,0
DA:251,0
DA:252,0
DA:256,0
DA:258,0
DA:259,0
DA:261,0
DA:262,0
DA:271,0
DA:274,0
DA:275,0
DA:277,0
DA:278,0
DA:280,0
DA:281,0
DA:283,0
DA:284,0
DA:286,0
DA:287,0
DA:289,0
DA:290,0
DA:293,0
DA:294,0
DA:296,0
DA:309,0
DA:310,0
DA:311,0
DA:313,0
DA:314,0
DA:315,0
DA:316,0
DA:317,0
DA:319,0
DA:320,0
DA:322,0
DA:323,0
DA:325,0
DA:326,0
DA:328,0
DA:329,0
DA:330,0
DA:331,0
DA:332,0
DA:333,0
DA:335,0
DA:336,0
DA:337,0
DA:338,0
DA:339,0
DA:340,0
DA:343,0
DA:344,0
DA:348,0
DA:349,0
DA:350,0
DA:352,0
DA:355,0
DA:358,0
DA:361,0
DA:365,0
DA:366,0
DA:368,0
DA:369,0
DA:372,0
DA:373,0
DA:378,0
DA:379,0
DA:380,0
DA:381,0
DA:383,0
DA:384,0
DA:385,0
DA:387,0
DA:388,0
DA:397,0
DA:398,0
DA:399,0
DA:400,0
DA:402,0
DA:403,0
DA:405,0
DA:406,0
DA:408,0
DA:409,0
DA:411,0
DA:412,0
DA:413,0
DA:414,0
DA:415,0
DA:416,0
DA:418,0
DA:419,0
DA:420,0
DA:421,0
DA:422,0
DA:423,0
DA:426,0
DA:427,0
DA:431,0
DA:432,0
DA:433,0
DA:435,0
DA:436,0
DA:437,0
DA:438,0
DA:439,0
DA:442,0
DA:443,0
DA:444,0
DA:445,0
DA:446,0
DA:448,0
DA:451,0
DA:453,0
DA:454,0
DA:456,0
DA:457,0
DA:458,0
DA:459,0
DA:460,0
DA:461,0
DA:463,0
DA:466,0
DA:467,0
DA:468,0
DA:469,0
DA:470,0
DA:471,0
DA:474,0
DA:475,0
DA:476,0
DA:477,0
DA:478,0
DA:482,0
DA:483,0
DA:484,0
DA:485,0
DA:486,0
DA:488,0
DA:489,0
DA:490,0
DA:492,0
DA:493,0
DA:502,0
DA:503,0
DA:507,0
DA:508,0
DA:509,0
DA:510,0
DA:512,0
DA:514,0
DA:515,0
DA:517,0
DA:518,0
DA:519,0
DA:520,0
DA:522,0
DA:523,0
DA:525,0
DA:526,0
DA:527,0
DA:528,0
DA:531,0
DA:540,0
DA:541,0
DA:544,0
DA:546,0
DA:547,0
DA:548,0
DA:549,0
DA:550,0
DA:552,0
DA:554,0
DA:555,0
DA:557,0
DA:558,0
DA:559,0
DA:560,0
DA:562,0
DA:563,0
DA:565,0
DA:566,0
DA:567,0
DA:568,0
DA:571,0
DA:574,0
DA:575,0
DA:576,0
DA:577,0
DA:585,0
DA:586,0
DA:587,0
DA:588,0
DA:589,0
DA:591,0
DA:592,0
DA:593,0
DA:595,0
DA:597,0
DA:598,0
DA:599,0
DA:600,0
DA:601,0
DA:602,0
DA:603,0
DA:604,0
DA:605,0
DA:607,0
DA:610,0
DA:611,0
DA:612,0
DA:615,0
DA:616,0
DA:617,0
DA:618,0
DA:619,0
DA:620,0
DA:621,0
DA:623,0
DA:626,0
DA:627,0
DA:628,0
DA:630,0
DA:631,0
DA:634,0
DA:636,0
DA:637,0
DA:638,0
DA:639,0
DA:640,0
DA:641,0
DA:642,0
DA:644,0
DA:645,0
DA:647,0
DA:650,0
DA:651,0
DA:652,0
DA:653,0
DA:654,0
DA:655,0
DA:658,0
DA:659,0
DA:660,0
DA:661,0
DA:663,0
DA:664,0
DA:665,0
DA:666,0
DA:667,0
DA:676,0
DA:677,0
DA:678,0
DA:682,0
DA:683,0
DA:684,0
DA:685,0
DA:687,0
DA:689,0
DA:690,0
DA:691,0
DA:692,0
DA:693,0
DA:694,0
DA:695,0
DA:698,0
DA:699,0
DA:700,0
DA:701,0
DA:702,0
DA:703,0
DA:704,0
DA:706,0
DA:707,0
DA:708,0
DA:709,0
DA:711,0
DA:712,0
DA:713,0
DA:715,0
DA:716,0
DA:717,0
DA:718,0
DA:720,0
DA:721,0
DA:722,0
DA:723,0
DA:724,0
DA:727,0
DA:728,0
DA:729,0
DA:730,0
DA:732,0
DA:733,0
DA:734,0
DA:735,0
DA:736,0
DA:745,0
DA:747,0
DA:748,0
DA:750,0
DA:751,0
DA:753,0
DA:754,0
DA:756,0
DA:757,0
DA:758,0
DA:759,0
DA:760,0
DA:761,0
DA:763,0
DA:764,0
DA:765,0
DA:766,0
DA:767,0
DA:768,0
DA:771,0
DA:772,0
DA:776,0
DA:777,0
DA:779,0
DA:780,0
DA:781,0
DA:782,0
DA:784,0
DA:785,0
DA:786,0
DA:787,0
DA:788,0
DA:791,0
DA:792,0
DA:793,0
DA:794,0
DA:798,0
DA:799,0
DA:800,0
DA:801,0
DA:802,0
DA:804,0
DA:805,0
DA:806,0
DA:807,0
DA:812,0
DA:813,0
DA:814,0
DA:816,0
DA:817,0
DA:819,0
DA:820,0
DA:829,0
DA:830,0
DA:834,0
LF:427
LH:0
BRDA:16,0,0,0
BRDA:16,0,1,0
BRDA:53,1,0,0
BRDA:55,2,0,0
BRDA:55,2,1,0
BRDA:56,3,0,0
BRDA:56,3,1,0
BRDA:57,4,0,0
BRDA:57,4,1,0
BRDA:58,5,0,0
BRDA:58,5,1,0
BRDA:74,6,0,0
BRDA:91,7,0,0
BRDA:91,7,1,0
BRDA:91,7,2,0
BRDA:108,8,0,0
BRDA:108,8,1,0
BRDA:111,9,0,0
BRDA:111,9,1,0
BRDA:114,10,0,0
BRDA:114,10,1,0
BRDA:130,11,0,0
BRDA:130,11,1,0
BRDA:143,12,0,0
BRDA:167,13,0,0
BRDA:167,13,1,0
BRDA:170,14,0,0
BRDA:170,14,1,0
BRDA:173,15,0,0
BRDA:173,15,1,0
BRDA:192,16,0,0
BRDA:192,16,1,0
BRDA:193,17,0,0
BRDA:193,17,1,0
BRDA:197,18,0,0
BRDA:197,18,1,0
BRDA:199,19,0,0
BRDA:199,19,1,0
BRDA:213,20,0,0
BRDA:216,21,0,0
BRDA:216,21,1,0
BRDA:217,22,0,0
BRDA:217,22,1,0
BRDA:217,23,0,0
BRDA:217,23,1,0
BRDA:222,24,0,0
BRDA:222,24,1,0
BRDA:233,25,0,0
BRDA:233,26,0,0
BRDA:233,26,1,0
BRDA:238,27,0,0
BRDA:238,27,1,0
BRDA:246,28,0,0
BRDA:246,28,1,0
BRDA:246,29,0,0
BRDA:246,29,1,0
BRDA:247,30,0,0
BRDA:247,30,1,0
BRDA:252,31,0,0
BRDA:252,31,1,0
BRDA:254,32,0,0
BRDA:254,32,1,0
BRDA:261,33,0,0
BRDA:261,33,1,0
BRDA:271,34,0,0
BRDA:271,34,1,0
BRDA:271,34,2,0
BRDA:271,34,3,0
BRDA:271,34,4,0
BRDA:271,34,5,0
BRDA:271,34,6,0
BRDA:271,34,7,0
BRDA:271,34,8,0
BRDA:271,34,9,0
BRDA:317,35,0,0
BRDA:317,35,1,0
BRDA:320,36,0,0
BRDA:320,36,1,0
BRDA:344,37,0,0
BRDA:344,37,1,0
BRDA:346,38,0,0
BRDA:346,38,1,0
BRDA:349,39,0,0
BRDA:349,39,1,0
BRDA:352,40,0,0
BRDA:352,40,1,0
BRDA:355,41,0,0
BRDA:355,41,1,0
BRDA:358,42,0,0
BRDA:358,42,1,0
BRDA:361,43,0,0
BRDA:361,43,1,0
BRDA:365,44,0,0
BRDA:365,44,1,0
BRDA:368,45,0,0
BRDA:368,46,0,0
BRDA:368,46,1,0
BRDA:369,47,0,0
BRDA:369,47,1,0
BRDA:370,48,0,0
BRDA:370,48,1,0
BRDA:371,49,0,0
BRDA:371,49,1,0
BRDA:387,50,0,0
BRDA:387,50,1,0
BRDA:399,51,0,0
BRDA:399,51,1,0
BRDA:400,52,0,0
BRDA:400,52,1,0
BRDA:403,53,0,0
BRDA:403,53,1,0
BRDA:427,54,0,0
BRDA:427,54,1,0
BRDA:429,55,0,0
BRDA:429,55,1,0
BRDA:432,56,0,0
BRDA:432,56,1,0
BRDA:433,57,0,0
BRDA:433,57,1,0
BRDA:436,58,0,0
BRDA:436,58,1,0
BRDA:442,59,0,0
BRDA:442,59,1,0
BRDA:445,60,0,0
BRDA:445,60,1,0
BRDA:466,61,0,0
BRDA:492,62,0,0
BRDA:492,62,1,0
BRDA:503,63,0,0
BRDA:503,63,1,0
BRDA:525,64,0,0
BRDA:525,65,0,0
BRDA:525,65,1,0
BRDA:526,66,0,0
BRDA:526,66,1,0
BRDA:541,67,0,0
BRDA:541,67,1,0
BRDA:544,68,0,0
BRDA:544,68,1,0
BRDA:565,69,0,0
BRDA:565,70,0,0
BRDA:565,70,1,0
BRDA:566,71,0,0
BRDA:566,71,1,0
BRDA:593,72,0,0
BRDA:593,72,1,0
BRDA:604,73,0,0
BRDA:604,73,1,0
BRDA:620,74,0,0
BRDA:620,74,1,0
BRDA:631,75,0,0
BRDA:631,75,1,0
BRDA:633,76,0,0
BRDA:633,76,1,0
BRDA:638,77,0,0
BRDA:638,77,1,0
BRDA:644,78,0,0
BRDA:644,78,1,0
BRDA:654,79,0,0
BRDA:654,79,1,0
BRDA:678,80,0,0
BRDA:678,80,1,0
BRDA:748,81,0,0
BRDA:748,81,1,0
BRDA:772,82,0,0
BRDA:772,82,1,0
BRDA:774,83,0,0
BRDA:774,83,1,0
BRDA:782,84,0,0
BRDA:782,84,1,0
BRDA:784,85,0,0
BRDA:813,86,0,0
BRDA:813,86,1,0
BRDA:814,87,0,0
BRDA:814,87,1,0
BRDA:817,88,0,0
BRDA:817,88,1,0
BRDA:819,89,0,0
BRDA:822,90,0,0
BRDA:822,90,1,0
BRDA:823,91,0,0
BRDA:823,91,1,0
BRDA:824,92,0,0
BRDA:824,92,1,0
BRF:184
BRH:0
end_of_record
TN:
SF:agents\pdf\graphics\diagram-config.ts
FN:48,createDiagramError
FNF:1
FNH:0
FNDA:0,createDiagramError
DA:1,0
DA:48,0
DA:55,0
DA:56,0
DA:57,0
DA:58,0
DA:59,0
DA:60,0
DA:63,0
DA:77,0
LF:10
LH:0
BRDA:64,0,0,0
BRDA:64,0,1,0
BRF:2
BRH:0
end_of_record
TN:
SF:agents\pdf\graphics\diagram-engine.ts
FN:21,(anonymous_1)
FN:27,(anonymous_2)
FN:34,(anonymous_3)
FN:76,(anonymous_4)
FN:125,(anonymous_5)
FN:161,(anonymous_6)
FN:196,(anonymous_7)
FN:209,(anonymous_8)
FN:233,(anonymous_9)
FN:252,(anonymous_10)
FN:269,(anonymous_11)
FN:286,(anonymous_12)
FN:303,(anonymous_13)
FN:320,(anonymous_14)
FNF:14
FNH:0
FNDA:0,(anonymous_1)
FNDA:0,(anonymous_2)
FNDA:0,(anonymous_3)
FNDA:0,(anonymous_4)
FNDA:0,(anonymous_5)
FNDA:0,(anonymous_6)
FNDA:0,(anonymous_7)
FNDA:0,(anonymous_8)
FNDA:0,(anonymous_9)
FNDA:0,(anonymous_10)
FNDA:0,(anonymous_11)
FNDA:0,(anonymous_12)
FNDA:0,(anonymous_13)
FNDA:0,(anonymous_14)
DA:1,0
DA:2,0
DA:3,0
DA:4,0
DA:11,0
DA:17,0
DA:22,0
DA:23,0
DA:24,0
DA:28,0
DA:29,0
DA:30,0
DA:35,0
DA:37,0
DA:38,0
DA:44,0
DA:46,0
DA:48,0
DA:49,0
DA:56,0
DA:64,0
DA:72,0
DA:77,0
DA:78,0
DA:81,0
DA:82,0
DA:88,0
DA:89,0
DA:90,0
DA:98,0
DA:99,0
DA:101,0
DA:102,0
DA:103,0
DA:106,0
DA:113,0
DA:115,0
DA:131,0
DA:133,0
DA:134,0
DA:141,0
DA:143,0
DA:149,0
DA:151,0
DA:162,0
DA:163,0
DA:166,0
DA:179,0
DA:180,0
DA:181,0
DA:184,0
DA:185,0
DA:186,0
DA:188,0
DA:192,0
DA:197,0
DA:198,0
DA:200,0
DA:210,0
DA:211,0
DA:212,0
DA:214,0
DA:215,0
DA:217,0
DA:223,0
DA:242,0
DA:249,0
DA:260,0
DA:266,0
DA:277,0
DA:283,0
DA:294,0
DA:300,0
DA:311,0
DA:317,0
DA:328,0
DA:334,0
DA:338,0
LF:78
LH:0
BRDA:28,0,0,0
BRDA:77,1,0,0
BRDA:89,2,0,0
BRDA:94,3,0,0
BRDA:94,3,1,0
BRDA:101,4,0,0
BRDA:119,5,0,0
BRDA:119,5,1,0
BRDA:155,6,0,0
BRDA:155,6,1,0
BRDA:162,7,0,0
BRDA:179,8,0,0
BRDA:197,9,0,0
BRDA:197,9,1,0
BRDA:198,10,0,0
BRDA:198,10,1,0
BRF:16
BRH:0
end_of_record
TN:
SF:agents\pdf\graphics\index.ts
FNF:0
FNH:0
DA:1,0
DA:2,0
DA:3,0
DA:4,0
DA:5,0
DA:6,0
DA:7,0
DA:8,0
DA:9,0
DA:10,0
DA:11,0
LF:11
LH:0
BRF:0
BRH:0
end_of_record
TN:
SF:agents\pdf\graphics\mermaid-utils.ts
FN:4,initializeMermaid
FN:48,parseDiagram
FN:52,generateSVG
FN:60,validateMermaidSyntax
FNF:4
FNH:0
FNDA:0,initializeMermaid
FNDA:0,parseDiagram
FNDA:0,generateSVG
FNDA:0,validateMermaidSyntax
DA:1,0
DA:4,0
DA:5,0
DA:48,0
DA:49,0
DA:52,0
DA:56,0
DA:57,0
DA:60,0
DA:61,0
DA:62,0
DA:63,0
DA:65,0
LF:13
LH:0
BRDA:7,0,0,0
BRDA:7,0,1,0
BRDA:8,1,0,0
BRDA:8,1,1,0
BRF:4
BRH:0
end_of_record
TN:
SF:agents\pdf\graphics\mock-canvas.ts
FN:78,createCanvas
FN:82,(anonymous_1)
FN:88,(anonymous_2)
FN:118,(anonymous_3)
FN:122,(anonymous_4)
FN:133,(anonymous_5)
FN:145,(anonymous_6)
FN:146,(anonymous_7)
FN:147,(anonymous_8)
FN:149,(anonymous_9)
FN:150,(anonymous_10)
FN:151,(anonymous_11)
FN:152,(anonymous_12)
FN:154,(anonymous_13)
FN:155,(anonymous_14)
FN:156,(anonymous_15)
FN:157,(anonymous_16)
FN:158,(anonymous_17)
FN:159,(anonymous_18)
FN:160,(anonymous_19)
FN:161,(anonymous_20)
FN:162,(anonymous_21)
FN:163,(anonymous_22)
FN:164,(anonymous_23)
FN:165,(anonymous_24)
FN:166,(anonymous_25)
FN:167,(anonymous_26)
FN:168,(anonymous_27)
FN:169,(anonymous_28)
FN:175,(anonymous_29)
FN:176,(anonymous_30)
FN:178,(anonymous_31)
FN:179,(anonymous_32)
FNF:33
FNH:0
FNDA:0,createCanvas
FNDA:0,(anonymous_1)
FNDA:0,(anonymous_2)
FNDA:0,(anonymous_3)
FNDA:0,(anonymous_4)
FNDA:0,(anonymous_5)
FNDA:0,(anonymous_6)
FNDA:0,(anonymous_7)
FNDA:0,(anonymous_8)
FNDA:0,(anonymous_9)
FNDA:0,(anonymous_10)
FNDA:0,(anonymous_11)
FNDA:0,(anonymous_12)
FNDA:0,(anonymous_13)
FNDA:0,(anonymous_14)
FNDA:0,(anonymous_15)
FNDA:0,(anonymous_16)
FNDA:0,(anonymous_17)
FNDA:0,(anonymous_18)
FNDA:0,(anonymous_19)
FNDA:0,(anonymous_20)
FNDA:0,(anonymous_21)
FNDA:0,(anonymous_22)
FNDA:0,(anonymous_23)
FNDA:0,(anonymous_24)
FNDA:0,(anonymous_25)
FNDA:0,(anonymous_26)
FNDA:0,(anonymous_27)
FNDA:0,(anonymous_28)
FNDA:0,(anonymous_29)
FNDA:0,(anonymous_30)
FNDA:0,(anonymous_31)
FNDA:0,(anonymous_32)
DA:78,0
DA:79,0
DA:83,0
DA:84,0
DA:86,0
DA:90,0
DA:93,0
DA:97,0
DA:98,0
DA:99,0
DA:100,0
DA:101,0
DA:102,0
DA:105,0
DA:106,0
DA:107,0
DA:115,0
DA:116,0
DA:119,0
DA:123,0
DA:134,0
DA:135,0
DA:136,0
DA:137,0
DA:138,0
DA:139,0
DA:140,0
DA:141,0
DA:154,0
DA:165,0
DA:168,0
DA:169,0
DA:170,0
DA:171,0
DA:172,0
DA:173,0
DA:175,0
DA:176,0
DA:178,0
DA:179,0
DA:181,0
DA:182,0
DA:183,0
DA:184,0
DA:186,0
LF:45
LH:0
BRDA:83,0,0,0
BRDA:135,1,0,0
BRF:2
BRH:0
end_of_record
TN:
SF:agents\pdf\graphics\diagrams\class-diagram.ts
FN:43,createClassDiagramDefinition
FN:71,(anonymous_1)
FNF:2
FNH:0
FNDA:0,createClassDiagramDefinition
FNDA:0,(anonymous_1)
DA:43,0
DA:44,0
DA:46,0
DA:47,0
DA:50,0
DA:51,0
DA:52,0
DA:53,0
DA:54,0
DA:55,0
DA:57,0
DA:60,0
DA:61,0
DA:62,0
DA:63,0
DA:64,0
DA:65,0
DA:69,0
DA:70,0
DA:71,0
DA:72,0
DA:73,0
DA:74,0
DA:75,0
DA:79,0
DA:81,0
DA:82,0
DA:87,0
DA:88,0
DA:89,0
DA:90,0
DA:92,0
DA:94,0
DA:95,0
DA:97,0
DA:98,0
DA:100,0
DA:101,0
DA:103,0
DA:104,0
DA:106,0
DA:107,0
DA:110,0
DA:111,0
DA:115,0
DA:118,0
LF:46
LH:0
BRDA:46,0,0,0
BRDA:50,1,0,0
BRDA:52,2,0,0
BRDA:52,2,1,0
BRDA:54,3,0,0
BRDA:54,3,1,0
BRDA:60,4,0,0
BRDA:62,5,0,0
BRDA:62,5,1,0
BRDA:63,6,0,0
BRDA:63,6,1,0
BRDA:64,7,0,0
BRDA:64,7,1,0
BRDA:69,8,0,0
BRDA:71,9,0,0
BRDA:71,9,1,0
BRDA:72,10,0,0
BRDA:72,10,1,0
BRDA:73,11,0,0
BRDA:73,11,1,0
BRDA:74,12,0,0
BRDA:74,12,1,0
BRDA:81,13,0,0
BRDA:87,14,0,0
BRDA:90,15,0,0
BRDA:90,15,1,0
BRDA:92,16,0,0
BRDA:92,16,1,0
BRDA:92,16,2,0
BRDA:92,16,3,0
BRDA:92,16,4,0
BRDA:110,17,0,0
BRDA:110,17,1,0
BRDA:110,18,0,0
BRDA:110,18,1,0
BRF:35
BRH:0
end_of_record
TN:
SF:agents\pdf\graphics\diagrams\er-diagram.ts
FN:29,createERDiagramDefinition
FNF:1
FNH:0
FNDA:0,createERDiagramDefinition
DA:29,0
DA:30,0
DA:32,0
DA:33,0
DA:36,0
DA:37,0
DA:38,0
DA:40,0
DA:41,0
DA:42,0
DA:43,0
DA:44,0
DA:46,0
DA:47,0
DA:49,0
DA:50,0
DA:52,0
DA:56,0
DA:58,0
DA:59,0
DA:64,0
DA:65,0
DA:66,0
DA:68,0
DA:70,0
DA:71,0
DA:73,0
DA:74,0
DA:76,0
DA:77,0
DA:79,0
DA:82,0
DA:83,0
DA:84,0
DA:85,0
DA:86,0
DA:87,0
DA:90,0
DA:91,0
DA:95,0
DA:98,0
LF:41
LH:0
BRDA:32,0,0,0
BRDA:36,1,0,0
BRDA:40,2,0,0
BRDA:43,3,0,0
BRDA:46,4,0,0
BRDA:49,5,0,0
BRDA:58,6,0,0
BRDA:64,7,0,0
BRDA:68,8,0,0
BRDA:68,8,1,0
BRDA:68,8,2,0
BRDA:68,8,3,0
BRDA:82,9,0,0
BRDA:82,9,1,0
BRDA:84,10,0,0
BRDA:84,10,1,0
BRDA:86,11,0,0
BRDA:90,12,0,0
BRDA:90,12,1,0
BRF:19
BRH:0
end_of_record
TN:
SF:agents\pdf\graphics\diagrams\flowchart.ts
FN:23,createFlowchartDefinition
FN:49,getNodeShape
FN:66,closeNodeShape
FNF:3
FNH:0
FNDA:0,createFlowchartDefinition
FNDA:0,getNodeShape
FNDA:0,closeNodeShape
DA:23,0
DA:24,0
DA:25,0
DA:27,0
DA:28,0
DA:29,0
DA:30,0
DA:31,0
DA:32,0
DA:33,0
DA:38,0
DA:39,0
DA:40,0
DA:41,0
DA:42,0
DA:46,0
DA:50,0
DA:52,0
DA:54,0
DA:56,0
DA:58,0
DA:60,0
DA:62,0
DA:66,0
DA:67,0
DA:69,0
DA:71,0
DA:73,0
DA:75,0
DA:77,0
DA:79,0
DA:83,0
LF:32
LH:0
BRDA:24,0,0,0
BRDA:24,0,1,0
BRDA:27,1,0,0
BRDA:32,2,0,0
BRDA:38,3,0,0
BRDA:40,4,0,0
BRDA:40,4,1,0
BRDA:41,5,0,0
BRDA:41,5,1,0
BRDA:50,6,0,0
BRDA:50,6,1,0
BRDA:50,6,2,0
BRDA:50,6,3,0
BRDA:50,6,4,0
BRDA:50,6,5,0
BRDA:67,7,0,0
BRDA:67,7,1,0
BRDA:67,7,2,0
BRDA:67,7,3,0
BRDA:67,7,4,0
BRDA:67,7,5,0
BRF:21
BRH:0
end_of_record
TN:
SF:agents\pdf\graphics\diagrams\gantt-chart.ts
FN:29,createGanttDefinition
FNF:1
FNH:0
FNDA:0,createGanttDefinition
DA:29,0
DA:30,0
DA:32,0
DA:33,0
DA:36,0
DA:37,0
DA:40,0
DA:41,0
DA:44,0
DA:45,0
DA:48,0
DA:49,0
DA:52,0
DA:53,0
DA:54,0
DA:55,0
DA:56,0
DA:58,0
DA:59,0
DA:60,0
DA:61,0
DA:62,0
DA:65,0
DA:67,0
DA:68,0
DA:70,0
DA:71,0
DA:73,0
DA:74,0
DA:76,0
DA:77,0
DA:83,0
DA:86,0
LF:33
LH:0
BRDA:32,0,0,0
BRDA:36,1,0,0
BRDA:40,2,0,0
BRDA:44,3,0,0
BRDA:44,4,0,0
BRDA:44,4,1,0
BRDA:48,5,0,0
BRDA:52,6,0,0
BRDA:58,7,0,0
BRDA:58,7,1,0
BRDA:60,8,0,0
BRDA:61,9,0,0
BRDA:61,9,1,0
BRDA:67,10,0,0
BRDA:70,11,0,0
BRDA:73,12,0,0
BRDA:76,13,0,0
BRF:17
BRH:0
end_of_record
TN:
SF:agents\pdf\graphics\diagrams\sequence-diagram.ts
FN:24,createSequenceDiagramDefinition
FNF:1
FNH:0
FNDA:0,createSequenceDiagramDefinition
DA:24,0
DA:25,0
DA:27,0
DA:28,0
DA:31,0
DA:33,0
DA:34,0
DA:35,0
DA:36,0
DA:40,0
DA:41,0
DA:42,0
DA:43,0
DA:44,0
DA:46,0
DA:47,0
DA:50,0
DA:51,0
DA:56,0
DA:59,0
LF:20
LH:0
BRDA:27,0,0,0
BRDA:33,1,0,0
BRDA:35,2,0,0
BRDA:35,2,1,0
BRDA:40,3,0,0
BRDA:42,4,0,0
BRDA:42,4,1,0
BRDA:46,5,0,0
BRDA:50,6,0,0
BRF:9
BRH:0
end_of_record
TN:
SF:agents\pdf\graphics\diagrams\state-diagram.ts
FN:24,createStateDiagramDefinition
FNF:1
FNH:0
FNDA:0,createStateDiagramDefinition
DA:24,0
DA:25,0
DA:27,0
DA:28,0
DA:31,0
DA:32,0
DA:35,0
DA:36,0
DA:37,0
DA:39,0
DA:40,0
DA:41,0
DA:42,0
DA:44,0
DA:45,0
DA:47,0
DA:48,0
DA:50,0
DA:51,0
DA:52,0
DA:54,0
DA:57,0
DA:61,0
DA:62,0
DA:63,0
DA:64,0
DA:65,0
DA:66,0
DA:67,0
DA:70,0
DA:71,0
DA:75,0
DA:76,0
DA:79,0
DA:82,0
LF:35
LH:0
BRDA:27,0,0,0
BRDA:31,1,0,0
BRDA:35,2,0,0
BRDA:39,3,0,0
BRDA:39,3,1,0
BRDA:39,4,0,0
BRDA:39,4,1,0
BRDA:39,4,2,0
BRDA:41,5,0,0
BRDA:44,6,0,0
BRDA:47,7,0,0
BRDA:51,8,0,0
BRDA:51,8,1,0
BRDA:61,9,0,0
BRDA:64,10,0,0
BRDA:66,11,0,0
BRDA:75,12,0,0
BRF:17
BRH:0
end_of_record
TN:
SF:agents\pdf\layout\index.ts
FN:1,(anonymous_0)
FN:2,(anonymous_1)
FN:3,(anonymous_2)
FNF:3
FNH:0
FNDA:0,(anonymous_0)
FNDA:0,(anonymous_1)
FNDA:0,(anonymous_2)
DA:1,0
DA:2,0
DA:3,0
LF:3
LH:0
BRF:0
BRH:0
end_of_record
TN:
SF:agents\pdf\layout\layout-calculator.ts
FN:73,(anonymous_1)
FN:78,(anonymous_2)
FN:101,(anonymous_3)
FN:115,(anonymous_4)
FN:116,(anonymous_5)
FN:141,(anonymous_6)
FN:142,(anonymous_7)
FN:150,(anonymous_8)
FN:176,(anonymous_9)
FN:202,(anonymous_10)
FN:221,(anonymous_11)
FNF:11
FNH:0
FNDA:0,(anonymous_1)
FNDA:0,(anonymous_2)
FNDA:0,(anonymous_3)
FNDA:0,(anonymous_4)
FNDA:0,(anonymous_5)
FNDA:0,(anonymous_6)
FNDA:0,(anonymous_7)
FNDA:0,(anonymous_8)
FNDA:0,(anonymous_9)
FNDA:0,(anonymous_10)
FNDA:0,(anonymous_11)
DA:1,0
DA:3,0
DA:73,0
DA:74,0
DA:75,0
DA:76,0
DA:79,0
DA:80,0
DA:82,0
DA:83,0
DA:85,0
DA:86,0
DA:87,0
DA:89,0
DA:102,0
DA:103,0
DA:104,0
DA:106,0
DA:116,0
DA:117,0
DA:118,0
DA:120,0
DA:121,0
DA:122,0
DA:124,0
DA:125,0
DA:126,0
DA:127,0
DA:128,0
DA:129,0
DA:133,0
DA:142,0
DA:143,0
DA:144,0
DA:145,0
DA:147,0
DA:151,0
DA:152,0
DA:154,0
DA:155,0
DA:156,0
DA:158,0
DA:166,0
DA:167,0
DA:169,0
DA:173,0
DA:177,0
DA:178,0
DA:180,0
DA:181,0
DA:182,0
DA:184,0
DA:192,0
DA:193,0
DA:195,0
DA:199,0
DA:203,0
DA:204,0
DA:206,0
DA:207,0
DA:208,0
DA:210,0
DA:211,0
DA:213,0
DA:222,0
DA:229,0
DA:230,0
LF:67
LH:0
BRDA:4,0,0,0
BRDA:4,0,1,0
BRDA:126,1,0,0
BRDA:156,2,0,0
BRDA:156,2,1,0
BRDA:162,3,0,0
BRDA:162,3,1,0
BRDA:166,4,0,0
BRDA:166,4,1,0
BRDA:182,5,0,0
BRDA:182,5,1,0
BRDA:188,6,0,0
BRDA:188,6,1,0
BRDA:192,7,0,0
BRDA:192,7,1,0
BRDA:214,8,0,0
BRDA:214,8,1,0
BRDA:229,9,0,0
BRDA:229,9,1,0
BRF:19
BRH:0
end_of_record
TN:
SF:agents\pdf\layout\layout-engine.ts
FN:38,(anonymous_1)
FN:59,(anonymous_2)
FN:90,(anonymous_3)
FN:116,(anonymous_4)
FN:134,(anonymous_5)
FN:135,(anonymous_6)
FN:142,(anonymous_7)
FN:167,(anonymous_8)
FN:186,(anonymous_9)
FN:187,(anonymous_10)
FN:190,(anonymous_11)
FN:194,(anonymous_12)
FNF:12
FNH:0
FNDA:0,(anonymous_1)
FNDA:0,(anonymous_2)
FNDA:0,(anonymous_3)
FNDA:0,(anonymous_4)
FNDA:0,(anonymous_5)
FNDA:0,(anonymous_6)
FNDA:0,(anonymous_7)
FNDA:0,(anonymous_8)
FNDA:0,(anonymous_9)
FNDA:0,(anonymous_10)
FNDA:0,(anonymous_11)
FNDA:0,(anonymous_12)
DA:1,0
DA:3,0
DA:5,0
DA:34,0
DA:39,0
DA:40,0
DA:60,0
DA:62,0
DA:63,0
DA:64,0
DA:66,0
DA:67,0
DA:68,0
DA:69,0
DA:70,0
DA:71,0
DA:73,0
DA:75,0
DA:85,0
DA:86,0
DA:91,0
DA:92,0
DA:94,0
DA:95,0
DA:97,0
DA:98,0
DA:99,0
DA:104,0
DA:105,0
DA:106,0
DA:109,0
DA:110,0
DA:113,0
DA:117,0
DA:118,0
DA:119,0
DA:121,0
DA:122,0
DA:131,0
DA:135,0
DA:136,0
DA:139,0
DA:143,0
DA:144,0
DA:145,0
DA:147,0
DA:148,0
DA:149,0
DA:151,0
DA:153,0
DA:161,0
DA:164,0
DA:168,0
DA:169,0
DA:171,0
DA:172,0
DA:173,0
DA:176,0
DA:183,0
DA:187,0
DA:191,0
DA:195,0
LF:62
LH:0
BRDA:6,0,0,0
BRDA:6,0,1,0
BRDA:38,1,0,0
BRDA:41,2,0,0
BRDA:41,2,1,0
BRDA:46,3,0,0
BRDA:46,3,1,0
BRDA:52,4,0,0
BRDA:52,4,1,0
BRDA:53,5,0,0
BRDA:53,5,1,0
BRDA:54,6,0,0
BRDA:54,6,1,0
BRDA:55,7,0,0
BRDA:55,7,1,0
BRDA:63,8,0,0
BRDA:63,8,1,0
BRDA:64,9,0,0
BRDA:64,9,1,0
BRDA:68,10,0,0
BRDA:68,10,1,0
BRDA:69,11,0,0
BRDA:69,11,1,0
BRDA:98,12,0,0
BRDA:98,12,1,0
BRDA:104,13,0,0
BRDA:136,14,0,0
BRDA:136,14,1,0
BRDA:148,15,0,0
BRDA:148,15,1,0
BRDA:172,16,0,0
BRDA:178,17,0,0
BRDA:178,17,1,0
BRF:33
BRH:0
end_of_record
TN:
SF:agents\pdf\layout\page-manager.ts
FN:48,(anonymous_1)
FN:59,(anonymous_2)
FN:80,(anonymous_3)
FN:100,(anonymous_4)
FN:111,(anonymous_5)
FN:119,(anonymous_6)
FN:123,(anonymous_7)
FN:150,(anonymous_8)
FN:174,(anonymous_9)
FN:179,(anonymous_10)
FN:183,(anonymous_11)
FN:190,(anonymous_12)
FN:201,(anonymous_13)
FN:209,(anonymous_14)
FN:227,(anonymous_15)
FN:231,(anonymous_16)
FNF:16
FNH:0
FNDA:0,(anonymous_1)
FNDA:0,(anonymous_2)
FNDA:0,(anonymous_3)
FNDA:0,(anonymous_4)
FNDA:0,(anonymous_5)
FNDA:0,(anonymous_6)
FNDA:0,(anonymous_7)
FNDA:0,(anonymous_8)
FNDA:0,(anonymous_9)
FNDA:0,(anonymous_10)
FNDA:0,(anonymous_11)
FNDA:0,(anonymous_12)
FNDA:0,(anonymous_13)
FNDA:0,(anonymous_14)
FNDA:0,(anonymous_15)
FNDA:0,(anonymous_16)
DA:1,0
DA:3,0
DA:43,0
DA:49,0
DA:50,0
DA:51,0
DA:56,0
DA:60,0
DA:62,0
DA:63,0
DA:66,0
DA:67,0
DA:68,0
DA:70,0
DA:77,0
DA:81,0
DA:82,0
DA:85,0
DA:94,0
DA:95,0
DA:97,0
DA:101,0
DA:103,0
DA:104,0
DA:107,0
DA:108,0
DA:112,0
DA:113,0
DA:116,0
DA:120,0
DA:124,0
DA:126,0
DA:127,0
DA:130,0
DA:131,0
DA:134,0
DA:141,0
DA:143,0
DA:144,0
DA:147,0
DA:151,0
DA:153,0
DA:154,0
DA:157,0
DA:158,0
DA:161,0
DA:163,0
DA:164,0
DA:167,0
DA:168,0
DA:171,0
DA:175,0
DA:176,0
DA:180,0
DA:184,0
DA:185,0
DA:186,0
DA:187,0
DA:191,0
DA:192,0
DA:194,0
DA:202,0
DA:203,0
DA:210,0
DA:212,0
DA:220,0
DA:221,0
DA:224,0
DA:228,0
DA:232,0
LF:70
LH:0
BRDA:4,0,0,0
BRDA:4,0,1,0
BRDA:48,1,0,0
BRDA:52,2,0,0
BRDA:52,2,1,0
BRDA:53,3,0,0
BRDA:53,3,1,0
BRDA:62,4,0,0
BRDA:62,5,0,0
BRDA:62,5,1,0
BRDA:67,6,0,0
BRDA:67,6,1,0
BRDA:68,7,0,0
BRDA:68,7,1,0
BRDA:81,8,0,0
BRDA:103,9,0,0
BRDA:103,10,0,0
BRDA:103,10,1,0
BRDA:112,11,0,0
BRDA:126,12,0,0
BRDA:126,13,0,0
BRDA:126,13,1,0
BRDA:130,14,0,0
BRDA:153,15,0,0
BRDA:153,16,0,0
BRDA:153,16,1,0
BRDA:157,17,0,0
BRDA:167,18,0,0
BRDA:176,19,0,0
BRDA:176,19,1,0
BRDA:176,20,0,0
BRDA:176,20,1,0
BRDA:213,21,0,0
BRDA:213,21,1,0
BRDA:214,22,0,0
BRDA:214,22,1,0
BRF:36
BRH:0
end_of_record
TN:
SF:agents\pdf\rendering\font-manager.ts
FN:58,(anonymous_1)
FN:66,(anonymous_2)
FN:74,(anonymous_3)
FN:104,(anonymous_4)
FN:124,(anonymous_5)
FN:155,(anonymous_6)
FN:195,(anonymous_7)
FN:313,(anonymous_8)
FN:339,(anonymous_9)
FN:374,(anonymous_10)
FN:393,(anonymous_11)
FN:397,(anonymous_12)
FN:401,(anonymous_13)
FN:417,(anonymous_14)
FN:441,(anonymous_15)
FN:457,(anonymous_16)
FN:473,(anonymous_17)
FN:483,(anonymous_18)
FN:505,(anonymous_19)
FNF:19
FNH:0
FNDA:0,(anonymous_1)
FNDA:0,(anonymous_2)
FNDA:0,(anonymous_3)
FNDA:0,(anonymous_4)
FNDA:0,(anonymous_5)
FNDA:0,(anonymous_6)
FNDA:0,(anonymous_7)
FNDA:0,(anonymous_8)
FNDA:0,(anonymous_9)
FNDA:0,(anonymous_10)
FNDA:0,(anonymous_11)
FNDA:0,(anonymous_12)
FNDA:0,(anonymous_13)
FNDA:0,(anonymous_14)
FNDA:0,(anonymous_15)
FNDA:0,(anonymous_16)
FNDA:0,(anonymous_17)
FNDA:0,(anonymous_18)
FNDA:0,(anonymous_19)
DA:5,0
DA:6,0
DA:7,0
DA:36,0
DA:53,0
DA:59,0
DA:60,0
DA:61,0
DA:63,0
DA:67,0
DA:69,0
DA:70,0
DA:80,0
DA:99,0
DA:101,0
DA:105,0
DA:107,0
DA:108,0
DA:110,0
DA:111,0
DA:112,0
DA:115,0
DA:116,0
DA:117,0
DA:119,0
DA:125,0
DA:133,0
DA:135,0
DA:136,0
DA:138,0
DA:140,0
DA:141,0
DA:142,0
DA:144,0
DA:145,0
DA:146,0
DA:147,0
DA:152,0
DA:160,0
DA:162,0
DA:163,0
DA:166,0
DA:167,0
DA:169,0
DA:171,0
DA:173,0
DA:181,0
DA:182,0
DA:184,0
DA:186,0
DA:187,0
DA:188,0
DA:190,0
DA:207,0
DA:208,0
DA:209,0
DA:211,0
DA:217,0
DA:219,0
DA:220,0
DA:223,0
DA:224,0
DA:225,0
DA:227,0
DA:228,0
DA:229,0
DA:231,0
DA:232,0
DA:238,0
DA:240,0
DA:241,0
DA:243,0
DA:244,0
DA:246,0
DA:247,0
DA:249,0
DA:251,0
DA:252,0
DA:254,0
DA:255,0
DA:257,0
DA:258,0
DA:262,0
DA:263,0
DA:264,0
DA:265,0
DA:267,0
DA:268,0
DA:269,0
DA:270,0
DA:273,0
DA:274,0
DA:277,0
DA:278,0
DA:279,0
DA:280,0
DA:282,0
DA:283,0
DA:284,0
DA:287,0
DA:288,0
DA:290,0
DA:291,0
DA:295,0
DA:308,0
DA:309,0
DA:325,0
DA:344,0
DA:350,0
DA:352,0
DA:354,0
DA:355,0
DA:357,0
DA:359,0
DA:367,0
DA:369,0
DA:370,0
DA:379,0
DA:380,0
DA:387,0
DA:389,0
DA:394,0
DA:398,0
DA:402,0
DA:414,0
DA:422,0
DA:437,0
DA:438,0
DA:442,0
DA:444,0
DA:445,0
DA:448,0
DA:449,0
DA:451,0
DA:452,0
DA:454,0
DA:458,0
DA:460,0
DA:461,0
DA:464,0
DA:466,0
DA:467,0
DA:470,0
DA:474,0
DA:476,0
DA:477,0
DA:480,0
DA:488,0
DA:490,0
DA:491,0
DA:492,0
DA:495,0
DA:496,0
DA:497,0
DA:498,0
DA:500,0
DA:506,0
DA:507,0
DA:508,0
DA:510,0
LF:160
LH:0
BRDA:84,0,0,0
BRDA:84,0,1,0
BRDA:110,1,0,0
BRDA:136,2,0,0
BRDA:144,3,0,0
BRDA:144,3,1,0
BRDA:146,4,0,0
BRDA:162,5,0,0
BRDA:169,6,0,0
BRDA:169,6,1,0
BRDA:186,7,0,0
BRDA:186,8,0,0
BRDA:186,8,1,0
BRDA:219,9,0,0
BRDA:249,10,0,0
BRDA:249,10,1,0
BRDA:249,10,2,0
BRDA:267,11,0,0
BRDA:273,12,0,0
BRDA:277,13,0,0
BRDA:282,14,0,0
BRDA:282,15,0,0
BRDA:282,15,1,0
BRDA:287,16,0,0
BRDA:290,17,0,0
BRDA:401,18,0,0
BRDA:414,19,0,0
BRDA:414,19,1,0
BRDA:438,20,0,0
BRDA:438,20,1,0
BRDA:444,21,0,0
BRDA:449,22,0,0
BRDA:449,22,1,0
BRDA:460,23,0,0
BRDA:466,24,0,0
BRDA:466,25,0,0
BRDA:466,25,1,0
BRDA:490,26,0,0
BRDA:495,27,0,0
BRDA:495,28,0,0
BRDA:495,28,1,0
BRF:41
BRH:0
end_of_record
TN:
SF:agents\pdf\rendering\index.ts
FN:1,(anonymous_0)
FN:2,(anonymous_1)
FN:3,(anonymous_2)
FNF:3
FNH:0
FNDA:0,(anonymous_0)
FNDA:0,(anonymous_1)
FNDA:0,(anonymous_2)
DA:1,0
DA:2,0
DA:3,0
LF:3
LH:0
BRF:0
BRH:0
end_of_record
TN:
SF:agents\pdf\rendering\page-layout.ts
FN:60,(anonymous_0)
FN:64,(anonymous_1)
FN:79,(anonymous_2)
FN:95,(anonymous_3)
FN:122,(anonymous_4)
FN:136,(anonymous_5)
FN:159,(anonymous_6)
FN:172,(anonymous_7)
FN:186,(anonymous_8)
FN:209,(anonymous_9)
FN:244,(anonymous_10)
FN:276,(anonymous_11)
FN:284,(anonymous_12)
FN:301,(anonymous_13)
FN:302,(anonymous_14)
FN:316,(anonymous_15)
FN:344,(anonymous_16)
FN:393,(anonymous_17)
FN:428,(anonymous_18)
FN:448,(anonymous_19)
FN:452,(anonymous_20)
FN:456,(anonymous_21)
FN:460,(anonymous_22)
FN:464,(anonymous_23)
FN:468,(anonymous_24)
FN:472,(anonymous_25)
FN:486,(anonymous_26)
FN:495,(anonymous_27)
FN:506,(anonymous_28)
FN:516,(anonymous_29)
FNF:30
FNH:0
FNDA:0,(anonymous_0)
FNDA:0,(anonymous_1)
FNDA:0,(anonymous_2)
FNDA:0,(anonymous_3)
FNDA:0,(anonymous_4)
FNDA:0,(anonymous_5)
FNDA:0,(anonymous_6)
FNDA:0,(anonymous_7)
FNDA:0,(anonymous_8)
FNDA:0,(anonymous_9)
FNDA:0,(anonymous_10)
FNDA:0,(anonymous_11)
FNDA:0,(anonymous_12)
FNDA:0,(anonymous_13)
FNDA:0,(anonymous_14)
FNDA:0,(anonymous_15)
FNDA:0,(anonymous_16)
FNDA:0,(anonymous_17)
FNDA:0,(anonymous_18)
FNDA:0,(anonymous_19)
FNDA:0,(anonymous_20)
FNDA:0,(anonymous_21)
FNDA:0,(anonymous_22)
FNDA:0,(anonymous_23)
FNDA:0,(anonymous_24)
FNDA:0,(anonymous_25)
FNDA:0,(anonymous_26)
FNDA:0,(anonymous_27)
FNDA:0,(anonymous_28)
FNDA:0,(anonymous_29)
DA:40,0
DA:47,0
DA:49,0
DA:50,0
DA:51,0
DA:57,0
DA:58,0
DA:61,0
DA:65,0
DA:67,0
DA:68,0
DA:72,0
DA:76,0
DA:83,0
DA:85,0
DA:86,0
DA:92,0
DA:104,0
DA:105,0
DA:106,0
DA:108,0
DA:114,0
DA:128,0
DA:141,0
DA:143,0
DA:144,0
DA:145,0
DA:147,0
DA:148,0
DA:149,0
DA:152,0
DA:164,0
DA:178,0
DA:192,0
DA:193,0
DA:195,0
DA:196,0
DA:198,0
DA:206,0
DA:215,0
DA:217,0
DA:218,0
DA:224,0
DA:225,0
DA:231,0
DA:232,0
DA:238,0
DA:250,0
DA:251,0
DA:252,0
DA:253,0
DA:255,0
DA:256,0
DA:257,0
DA:259,0
DA:260,0
DA:261,0
DA:263,0
DA:265,0
DA:269,0
DA:270,0
DA:273,0
DA:281,0
DA:297,0
DA:298,0
DA:299,0
DA:301,0
DA:302,0
DA:303,0
DA:304,0
DA:307,0
DA:323,0
DA:324,0
DA:326,0
DA:327,0
DA:328,0
DA:329,0
DA:331,0
DA:332,0
DA:334,0
DA:335,0
DA:338,0
DA:355,0
DA:356,0
DA:358,0
DA:359,0
DA:360,0
DA:361,0
DA:362,0
DA:364,0
DA:405,0
DA:406,0
DA:407,0
DA:408,0
DA:410,0
DA:411,0
DA:412,0
DA:413,0
DA:415,0
DA:422,0
DA:438,0
DA:439,0
DA:441,0
DA:449,0
DA:453,0
DA:457,0
DA:461,0
DA:465,0
DA:469,0
DA:473,0
DA:474,0
DA:476,0
DA:491,0
DA:492,0
DA:500,0
DA:501,0
DA:503,0
DA:510,0
DA:511,0
DA:513,0
DA:521,0
LF:121
LH:0
BRDA:68,0,0,0
BRDA:69,1,0,0
BRDA:69,1,1,0
BRDA:80,2,0,0
BRDA:81,3,0,0
BRDA:83,4,0,0
BRDA:83,4,1,0
BRDA:85,5,0,0
BRDA:99,6,0,0
BRDA:100,7,0,0
BRDA:101,8,0,0
BRDA:102,9,0,0
BRDA:105,10,0,0
BRDA:105,10,1,0
BRDA:111,11,0,0
BRDA:111,11,1,0
BRDA:112,12,0,0
BRDA:112,12,1,0
BRDA:123,13,0,0
BRDA:124,14,0,0
BRDA:125,15,0,0
BRDA:126,16,0,0
BRDA:139,17,0,0
BRDA:162,18,0,0
BRDA:176,19,0,0
BRDA:213,20,0,0
BRDA:217,21,0,0
BRDA:224,22,0,0
BRDA:231,23,0,0
BRDA:248,24,0,0
BRDA:256,25,0,0
BRDA:256,25,1,0
BRDA:259,26,0,0
BRDA:259,26,1,0
BRDA:260,27,0,0
BRDA:269,28,0,0
BRDA:273,29,0,0
BRDA:273,29,1,0
BRDA:278,30,0,0
BRDA:279,31,0,0
BRDA:287,32,0,0
BRDA:288,33,0,0
BRDA:289,34,0,0
BRDA:321,35,0,0
BRDA:326,36,0,0
BRDA:326,36,1,0
BRDA:396,37,0,0
BRDA:431,38,0,0
BRDA:456,39,0,0
BRDA:460,40,0,0
BRDA:469,41,0,0
BRDA:469,41,1,0
BRDA:477,42,0,0
BRDA:477,42,1,0
BRDA:477,42,2,0
BRDA:477,42,3,0
BRDA:477,42,4,0
BRDA:477,42,5,0
BRDA:489,43,0,0
BRDA:498,44,0,0
BRDA:500,45,0,0
BRDA:508,46,0,0
BRDA:510,47,0,0
BRF:63
BRH:0
end_of_record
TN:
SF:agents\pdf\rendering\pdf-renderer.ts
FN:44,rgbColor
FN:91,(anonymous_2)
FN:106,(anonymous_3)
FN:173,(anonymous_4)
FN:202,(anonymous_5)
FN:212,(anonymous_6)
FN:322,(anonymous_7)
FN:333,(anonymous_8)
FN:418,(anonymous_9)
FN:429,(anonymous_10)
FN:553,(anonymous_11)
FN:571,(anonymous_12)
FN:625,(anonymous_13)
FN:637,(anonymous_14)
FN:705,(anonymous_15)
FN:725,(anonymous_16)
FN:742,(anonymous_17)
FN:778,(anonymous_18)
FN:784,(anonymous_19)
FN:813,(anonymous_20)
FN:824,(anonymous_21)
FN:832,(anonymous_22)
FN:884,(anonymous_23)
FN:914,(anonymous_24)
FN:927,(anonymous_25)
FN:931,(anonymous_26)
FN:935,(anonymous_27)
FN:939,(anonymous_28)
FN:943,(anonymous_29)
FN:955,(anonymous_30)
FN:974,(anonymous_31)
FNF:31
FNH:0
FNDA:0,rgbColor
FNDA:0,(anonymous_2)
FNDA:0,(anonymous_3)
FNDA:0,(anonymous_4)
FNDA:0,(anonymous_5)
FNDA:0,(anonymous_6)
FNDA:0,(anonymous_7)
FNDA:0,(anonymous_8)
FNDA:0,(anonymous_9)
FNDA:0,(anonymous_10)
FNDA:0,(anonymous_11)
FNDA:0,(anonymous_12)
FNDA:0,(anonymous_13)
FNDA:0,(anonymous_14)
FNDA:0,(anonymous_15)
FNDA:0,(anonymous_16)
FNDA:0,(anonymous_17)
FNDA:0,(anonymous_18)
FNDA:0,(anonymous_19)
FNDA:0,(anonymous_20)
FNDA:0,(anonymous_21)
FNDA:0,(anonymous_22)
FNDA:0,(anonymous_23)
FNDA:0,(anonymous_24)
FNDA:0,(anonymous_25)
FNDA:0,(anonymous_26)
FNDA:0,(anonymous_27)
FNDA:0,(anonymous_28)
FNDA:0,(anonymous_29)
FNDA:0,(anonymous_30)
FNDA:0,(anonymous_31)
DA:1,0
DA:2,0
DA:3,0
DA:4,0
DA:5,0
DA:17,0
DA:18,0
DA:20,0
DA:45,0
DA:79,0
DA:92,0
DA:93,0
DA:94,0
DA:95,0
DA:96,0
DA:97,0
DA:98,0
DA:99,0
DA:100,0
DA:101,0
DA:103,0
DA:107,0
DA:115,0
DA:116,0
DA:119,0
DA:124,0
DA:128,0
DA:129,0
DA:134,0
DA:135,0
DA:136,0
DA:137,0
DA:138,0
DA:145,0
DA:147,0
DA:148,0
DA:149,0
DA:150,0
DA:151,0
DA:152,0
DA:154,0
DA:156,0
DA:157,0
DA:160,0
DA:161,0
DA:164,0
DA:166,0
DA:167,0
DA:170,0
DA:174,0
DA:176,0
DA:203,0
DA:205,0
DA:207,0
DA:208,0
DA:217,0
DA:219,0
DA:224,0
DA:226,0
DA:227,0
DA:228,0
DA:230,0
DA:231,0
DA:233,0
DA:234,0
DA:235,0
DA:244,0
DA:245,0
DA:246,0
DA:248,0
DA:249,0
DA:251,0
DA:252,0
DA:253,0
DA:254,0
DA:257,0
DA:258,0
DA:259,0
DA:260,0
DA:261,0
DA:263,0
DA:264,0
DA:265,0
DA:266,0
DA:267,0
DA:271,0
DA:273,0
DA:274,0
DA:275,0
DA:276,0
DA:278,0
DA:279,0
DA:280,0
DA:282,0
DA:285,0
DA:286,0
DA:287,0
DA:289,0
DA:290,0
DA:293,0
DA:295,0
DA:296,0
DA:298,0
DA:299,0
DA:302,0
DA:303,0
DA:306,0
DA:309,0
DA:310,0
DA:311,0
DA:313,0
DA:314,0
DA:315,0
DA:319,0
DA:323,0
DA:330,0
DA:339,0
DA:341,0
DA:351,0
DA:352,0
DA:354,0
DA:355,0
DA:357,0
DA:358,0
DA:359,0
DA:361,0
DA:362,0
DA:364,0
DA:365,0
DA:367,0
DA:368,0
DA:369,0
DA:378,0
DA:379,0
DA:382,0
DA:383,0
DA:384,0
DA:386,0
DA:387,0
DA:388,0
DA:390,0
DA:396,0
DA:398,0
DA:399,0
DA:404,0
DA:405,0
DA:407,0
DA:408,0
DA:412,0
DA:415,0
DA:419,0
DA:426,0
DA:435,0
DA:437,0
DA:438,0
DA:440,0
DA:447,0
DA:448,0
DA:450,0
DA:452,0
DA:453,0
DA:462,0
DA:463,0
DA:466,0
DA:467,0
DA:469,0
DA:470,0
DA:472,0
DA:474,0
DA:475,0
DA:476,0
DA:485,0
DA:486,0
DA:489,0
DA:493,0
DA:496,0
DA:498,0
DA:506,0
DA:507,0
DA:508,0
DA:510,0
DA:512,0
DA:514,0
DA:515,0
DA:517,0
DA:518,0
DA:520,0
DA:522,0
DA:523,0
DA:524,0
DA:533,0
DA:534,0
DA:537,0
DA:541,0
DA:544,0
DA:545,0
DA:548,0
DA:549,0
DA:554,0
DA:555,0
DA:558,0
DA:559,0
DA:560,0
DA:561,0
DA:563,0
DA:564,0
DA:568,0
DA:576,0
DA:578,0
DA:579,0
DA:581,0
DA:582,0
DA:583,0
DA:585,0
DA:586,0
DA:587,0
DA:589,0
DA:591,0
DA:592,0
DA:601,0
DA:602,0
DA:605,0
DA:606,0
DA:608,0
DA:609,0
DA:610,0
DA:611,0
DA:612,0
DA:614,0
DA:615,0
DA:620,0
DA:630,0
DA:642,0
DA:644,0
DA:645,0
DA:647,0
DA:648,0
DA:649,0
DA:650,0
DA:654,0
DA:656,0
DA:657,0
DA:666,0
DA:667,0
DA:670,0
DA:672,0
DA:673,0
DA:674,0
DA:679,0
DA:680,0
DA:681,0
DA:682,0
DA:688,0
DA:689,0
DA:690,0
DA:691,0
DA:692,0
DA:694,0
DA:695,0
DA:700,0
DA:710,0
DA:712,0
DA:713,0
DA:714,0
DA:715,0
DA:717,0
DA:725,0
DA:726,0
DA:728,0
DA:730,0
DA:732,0
DA:734,0
DA:736,0
DA:738,0
DA:742,0
DA:743,0
DA:745,0
DA:746,0
DA:747,0
DA:749,0
DA:750,0
DA:751,0
DA:753,0
DA:756,0
DA:758,0
DA:759,0
DA:761,0
DA:762,0
DA:764,0
DA:765,0
DA:768,0
DA:770,0
DA:773,0
DA:778,0
DA:779,0
DA:780,0
DA:785,0
DA:786,0
DA:802,0
DA:803,0
DA:804,0
DA:805,0
DA:806,0
DA:807,0
DA:810,0
DA:814,0
DA:815,0
DA:816,0
DA:817,0
DA:818,0
DA:819,0
DA:821,0
DA:825,0
DA:827,0
DA:832,0
DA:836,0
DA:842,0
DA:843,0
DA:844,0
DA:846,0
DA:847,0
DA:848,0
DA:849,0
DA:850,0
DA:853,0
DA:854,0
DA:855,0
DA:858,0
DA:861,0
DA:863,0
DA:864,0
DA:866,0
DA:867,0
DA:868,0
DA:871,0
DA:874,0
DA:875,0
DA:881,0
DA:890,0
DA:891,0
DA:892,0
DA:894,0
DA:895,0
DA:897,0
DA:898,0
DA:899,0
DA:901,0
DA:903,0
DA:907,0
DA:908,0
DA:911,0
DA:915,0
DA:917,0
DA:918,0
DA:919,0
DA:920,0
DA:921,0
DA:924,0
DA:928,0
DA:932,0
DA:936,0
DA:940,0
DA:944,0
DA:946,0
DA:948,0
DA:949,0
DA:952,0
DA:956,0
DA:958,0
DA:959,0
DA:962,0
DA:963,0
DA:967,0
DA:968,0
DA:971,0
DA:978,0
DA:979,0
DA:981,0
DA:982,0
DA:984,0
DA:991,0
DA:992,0
DA:994,0
LF:383
LH:0
BRDA:115,0,0,0
BRDA:115,1,0,0
BRDA:115,1,1,0
BRDA:115,1,2,0
BRDA:115,1,3,0
BRDA:115,1,4,0
BRDA:115,1,5,0
BRDA:115,1,6,0
BRDA:128,2,0,0
BRDA:135,3,0,0
BRDA:135,3,1,0
BRDA:135,4,0,0
BRDA:135,4,1,0
BRDA:135,5,0,0
BRDA:135,5,1,0
BRDA:136,6,0,0
BRDA:136,6,1,0
BRDA:136,7,0,0
BRDA:136,7,1,0
BRDA:136,8,0,0
BRDA:136,8,1,0
BRDA:136,9,0,0
BRDA:136,9,1,0
BRDA:136,10,0,0
BRDA:136,10,1,0
BRDA:137,11,0,0
BRDA:137,12,0,0
BRDA:137,12,1,0
BRDA:156,13,0,0
BRDA:166,14,0,0
BRDA:178,15,0,0
BRDA:178,15,1,0
BRDA:189,16,0,0
BRDA:189,16,1,0
BRDA:207,17,0,0
BRDA:230,18,0,0
BRDA:230,18,1,0
BRDA:231,19,0,0
BRDA:231,19,1,0
BRDA:233,20,0,0
BRDA:246,21,0,0
BRDA:246,21,1,0
BRDA:257,22,0,0
BRDA:273,23,0,0
BRDA:273,24,0,0
BRDA:273,24,1,0
BRDA:276,25,0,0
BRDA:276,25,1,0
BRDA:285,26,0,0
BRDA:295,27,0,0
BRDA:295,28,0,0
BRDA:295,28,1,0
BRDA:298,29,0,0
BRDA:302,30,0,0
BRDA:303,31,0,0
BRDA:303,31,1,0
BRDA:309,32,0,0
BRDA:354,33,0,0
BRDA:354,33,1,0
BRDA:359,34,0,0
BRDA:359,34,1,0
BRDA:368,35,0,0
BRDA:382,36,0,0
BRDA:382,36,1,0
BRDA:384,37,0,0
BRDA:384,37,1,0
BRDA:384,38,0,0
BRDA:384,38,1,0
BRDA:386,39,0,0
BRDA:386,39,1,0
BRDA:388,40,0,0
BRDA:388,40,1,0
BRDA:407,41,0,0
BRDA:407,41,1,0
BRDA:438,42,0,0
BRDA:438,42,1,0
BRDA:447,43,0,0
BRDA:447,43,1,0
BRDA:448,44,0,0
BRDA:448,44,1,0
BRDA:452,45,0,0
BRDA:452,46,0,0
BRDA:452,46,1,0
BRDA:469,47,0,0
BRDA:469,47,1,0
BRDA:475,48,0,0
BRDA:507,49,0,0
BRDA:507,49,1,0
BRDA:515,50,0,0
BRDA:515,50,1,0
BRDA:517,51,0,0
BRDA:517,51,1,0
BRDA:523,52,0,0
BRDA:541,53,0,0
BRDA:541,53,1,0
BRDA:544,54,0,0
BRDA:544,55,0,0
BRDA:544,55,1,0
BRDA:548,56,0,0
BRDA:548,57,0,0
BRDA:548,57,1,0
BRDA:554,58,0,0
BRDA:560,59,0,0
BRDA:563,60,0,0
BRDA:563,61,0,0
BRDA:563,61,1,0
BRDA:581,62,0,0
BRDA:586,63,0,0
BRDA:586,63,1,0
BRDA:591,64,0,0
BRDA:608,65,0,0
BRDA:631,66,0,0
BRDA:631,66,1,0
BRDA:647,67,0,0
BRDA:649,68,0,0
BRDA:649,68,1,0
BRDA:650,69,0,0
BRDA:650,69,1,0
BRDA:651,70,0,0
BRDA:651,70,1,0
BRDA:656,71,0,0
BRDA:672,72,0,0
BRDA:672,72,1,0
BRDA:688,73,0,0
BRDA:713,74,0,0
BRDA:713,74,1,0
BRDA:714,75,0,0
BRDA:714,75,1,0
BRDA:715,76,0,0
BRDA:715,76,1,0
BRDA:728,77,0,0
BRDA:728,77,1,0
BRDA:728,77,2,0
BRDA:728,77,3,0
BRDA:728,77,4,0
BRDA:743,78,0,0
BRDA:751,79,0,0
BRDA:751,79,1,0
BRDA:756,80,0,0
BRDA:756,80,1,0
BRDA:756,80,2,0
BRDA:756,80,3,0
BRDA:785,81,0,0
BRDA:814,82,0,0
BRDA:842,83,0,0
BRDA:866,84,0,0
BRDA:874,85,0,0
BRDA:895,86,0,0
BRDA:895,86,1,0
BRDA:897,87,0,0
BRDA:897,87,1,0
BRDA:898,88,0,0
BRDA:907,89,0,0
BRDA:911,90,0,0
BRDA:911,90,1,0
BRDA:917,91,0,0
BRDA:948,92,0,0
BRDA:958,93,0,0
BRDA:967,94,0,0
BRDA:967,95,0,0
BRDA:967,95,1,0
BRDA:978,96,0,0
BRDA:978,96,1,0
BRDA:979,97,0,0
BRDA:979,97,1,0
BRDA:985,98,0,0
BRDA:985,98,1,0
BRDA:986,99,0,0
BRDA:986,99,1,0
BRDA:987,100,0,0
BRDA:987,100,1,0
BRDA:988,101,0,0
BRDA:988,101,1,0
BRDA:1004,102,0,0
BRDA:1004,102,1,0
BRF:175
BRH:0
end_of_record
TN:
SF:agents\pdf\security\encryption-manager.ts
FN:39,(anonymous_0)
FN:46,(anonymous_1)
FN:99,(anonymous_2)
FN:132,(anonymous_3)
FN:165,(anonymous_4)
FN:174,(anonymous_5)
FN:180,(anonymous_6)
FNF:7
FNH:0
FNDA:0,(anonymous_0)
FNDA:0,(anonymous_1)
FNDA:0,(anonymous_2)
FNDA:0,(anonymous_3)
FNDA:0,(anonymous_4)
FNDA:0,(anonymous_5)
FNDA:0,(anonymous_6)
DA:1,0
DA:2,0
DA:36,0
DA:40,0
DA:53,0
DA:60,0
DA:61,0
DA:63,0
DA:66,0
DA:67,0
DA:68,0
DA:87,0
DA:89,0
DA:96,0
DA:100,0
DA:105,0
DA:106,0
DA:109,0
DA:110,0
DA:112,0
DA:113,0
DA:114,0
DA:117,0
DA:119,0
DA:123,0
DA:125,0
DA:128,0
DA:133,0
DA:138,0
DA:139,0
DA:142,0
DA:143,0
DA:145,0
DA:146,0
DA:147,0
DA:150,0
DA:152,0
DA:156,0
DA:158,0
DA:161,0
DA:166,0
DA:167,0
DA:168,0
DA:170,0
DA:175,0
DA:176,0
DA:181,0
DA:182,0
DA:185,0
DA:186,0
DA:191,0
LF:51
LH:0
BRDA:41,0,0,0
BRDA:41,0,1,0
BRDA:42,1,0,0
BRDA:42,1,1,0
BRDA:67,2,0,0
BRDA:69,3,0,0
BRDA:69,3,1,0
BRDA:70,4,0,0
BRDA:70,4,1,0
BRDA:72,5,0,0
BRDA:72,5,1,0
BRDA:74,6,0,0
BRDA:74,6,1,0
BRDA:105,7,0,0
BRDA:112,8,0,0
BRDA:126,9,0,0
BRDA:126,9,1,0
BRDA:138,10,0,0
BRDA:145,11,0,0
BRDA:159,12,0,0
BRDA:159,12,1,0
BRDA:175,13,0,0
BRDA:181,14,0,0
BRDA:181,15,0,0
BRDA:181,15,1,0
BRDA:185,16,0,0
BRDA:185,17,0,0
BRDA:185,17,1,0
BRF:28
BRH:0
end_of_record
TN:
SF:agents\pdf\security\index.ts
FN:1,(anonymous_0)
FN:1,(anonymous_1)
FN:2,(anonymous_2)
FN:2,(anonymous_3)
FN:3,(anonymous_4)
FN:3,(anonymous_5)
FN:3,(anonymous_6)
FN:3,(anonymous_7)
FN:4,(anonymous_8)
FN:4,(anonymous_9)
FNF:10
FNH:0
FNDA:0,(anonymous_0)
FNDA:0,(anonymous_1)
FNDA:0,(anonymous_2)
FNDA:0,(anonymous_3)
FNDA:0,(anonymous_4)
FNDA:0,(anonymous_5)
FNDA:0,(anonymous_6)
FNDA:0,(anonymous_7)
FNDA:0,(anonymous_8)
FNDA:0,(anonymous_9)
DA:1,0
DA:2,0
DA:3,0
DA:4,0
LF:4
LH:0
BRF:0
BRH:0
end_of_record
TN:
SF:agents\pdf\security\password-manager.ts
FN:51,(anonymous_9)
FN:64,(anonymous_10)
FN:91,(anonymous_11)
FN:117,(anonymous_12)
FN:123,(anonymous_13)
FN:129,(anonymous_14)
FN:146,(anonymous_15)
FN:159,(anonymous_16)
FN:186,(anonymous_17)
FN:207,(anonymous_18)
FN:216,(anonymous_19)
FN:234,(anonymous_20)
FNF:12
FNH:0
FNDA:0,(anonymous_9)
FNDA:0,(anonymous_10)
FNDA:0,(anonymous_11)
FNDA:0,(anonymous_12)
FNDA:0,(anonymous_13)
FNDA:0,(anonymous_14)
FNDA:0,(anonymous_15)
FNDA:0,(anonymous_16)
FNDA:0,(anonymous_17)
FNDA:0,(anonymous_18)
FNDA:0,(anonymous_19)
FNDA:0,(anonymous_20)
DA:1,0
DA:2,0
DA:4,0
DA:15,0
DA:21,0
DA:48,0
DA:52,0
DA:65,0
DA:67,0
DA:68,0
DA:71,0
DA:72,0
DA:75,0
DA:76,0
DA:79,0
DA:80,0
DA:83,0
DA:84,0
DA:87,0
DA:88,0
DA:91,0
DA:92,0
DA:95,0
DA:96,0
DA:97,0
DA:98,0
DA:102,0
DA:104,0
DA:110,0
DA:118,0
DA:119,0
DA:120,0
DA:124,0
DA:125,0
DA:126,0
DA:130,0
DA:131,0
DA:132,0
DA:133,0
DA:134,0
DA:136,0
DA:137,0
DA:138,0
DA:139,0
DA:140,0
DA:142,0
DA:143,0
DA:146,0
DA:148,0
DA:156,0
DA:160,0
DA:161,0
DA:162,0
DA:163,0
DA:165,0
DA:166,0
DA:169,0
DA:170,0
DA:171,0
DA:172,0
DA:173,0
DA:174,0
DA:175,0
DA:178,0
DA:179,0
DA:182,0
DA:183,0
DA:186,0
DA:187,0
DA:190,0
DA:191,0
DA:194,0
DA:200,0
DA:208,0
DA:210,0
DA:211,0
DA:212,0
DA:213,0
DA:217,0
DA:218,0
DA:220,0
DA:222,0
DA:223,0
DA:224,0
DA:225,0
DA:227,0
DA:228,0
DA:230,0
DA:231,0
DA:232,0
DA:234,0
DA:235,0
DA:238,0
DA:242,0
DA:243,0
LF:95
LH:0
BRDA:53,0,0,0
BRDA:53,0,1,0
BRDA:54,1,0,0
BRDA:54,1,1,0
BRDA:55,2,0,0
BRDA:55,2,1,0
BRDA:56,3,0,0
BRDA:56,3,1,0
BRDA:57,4,0,0
BRDA:57,4,1,0
BRDA:58,5,0,0
BRDA:58,5,1,0
BRDA:59,6,0,0
BRDA:59,6,1,0
BRDA:60,7,0,0
BRDA:60,7,1,0
BRDA:67,8,0,0
BRDA:71,9,0,0
BRDA:75,10,0,0
BRDA:75,11,0,0
BRDA:75,11,1,0
BRDA:79,12,0,0
BRDA:79,13,0,0
BRDA:79,13,1,0
BRDA:83,14,0,0
BRDA:83,15,0,0
BRDA:83,15,1,0
BRDA:87,16,0,0
BRDA:87,17,0,0
BRDA:87,17,1,0
BRDA:91,18,0,0
BRDA:91,19,0,0
BRDA:91,19,1,0
BRDA:95,20,0,0
BRDA:97,21,0,0
BRDA:129,22,0,0
BRDA:165,23,0,0
BRDA:169,24,0,0
BRDA:169,24,1,0
BRDA:173,25,0,0
BRDA:178,26,0,0
BRDA:182,27,0,0
BRDA:187,28,0,0
BRDA:187,28,1,0
BRDA:190,29,0,0
BRDA:210,30,0,0
BRDA:211,31,0,0
BRDA:212,32,0,0
BRDA:222,33,0,0
BRDA:223,34,0,0
BRDA:224,35,0,0
BRDA:225,36,0,0
BRDA:230,37,0,0
BRDA:231,38,0,0
BRDA:232,39,0,0
BRDA:234,40,0,0
BRF:56
BRH:0
end_of_record
TN:
SF:agents\pdf\security\pdf-security.ts
FN:45,(anonymous_0)
FN:58,(anonymous_1)
FN:124,(anonymous_2)
FN:140,(anonymous_3)
FN:166,(anonymous_4)
FN:184,(anonymous_5)
FN:225,(anonymous_6)
FN:229,(anonymous_7)
FN:233,(anonymous_8)
FN:237,(anonymous_9)
FN:241,(anonymous_10)
FN:248,(anonymous_11)
FNF:12
FNH:0
FNDA:0,(anonymous_0)
FNDA:0,(anonymous_1)
FNDA:0,(anonymous_2)
FNDA:0,(anonymous_3)
FNDA:0,(anonymous_4)
FNDA:0,(anonymous_5)
FNDA:0,(anonymous_6)
FNDA:0,(anonymous_7)
FNDA:0,(anonymous_8)
FNDA:0,(anonymous_9)
FNDA:0,(anonymous_10)
FNDA:0,(anonymous_11)
DA:1,0
DA:2,0
DA:3,0
DA:4,0
DA:5,0
DA:38,0
DA:46,0
DA:47,0
DA:48,0
DA:49,0
DA:50,0
DA:52,0
DA:59,0
DA:67,0
DA:68,0
DA:69,0
DA:72,0
DA:73,0
DA:74,0
DA:75,0
DA:79,0
DA:80,0
DA:81,0
DA:84,0
DA:85,0
DA:86,0
DA:87,0
DA:88,0
DA:95,0
DA:96,0
DA:97,0
DA:98,0
DA:102,0
DA:105,0
DA:113,0
DA:121,0
DA:125,0
DA:130,0
DA:132,0
DA:137,0
DA:141,0
DA:150,0
DA:151,0
DA:152,0
DA:155,0
DA:156,0
DA:157,0
DA:159,0
DA:163,0
DA:167,0
DA:172,0
DA:177,0
DA:181,0
DA:185,0
DA:189,0
DA:190,0
DA:192,0
DA:198,0
DA:199,0
DA:200,0
DA:211,0
DA:216,0
DA:218,0
DA:221,0
DA:226,0
DA:230,0
DA:234,0
DA:238,0
DA:245,0
DA:249,0
DA:253,0
LF:71
LH:0
BRDA:49,0,0,0
BRDA:49,0,1,0
BRDA:63,1,0,0
BRDA:63,1,1,0
BRDA:67,2,0,0
BRDA:72,3,0,0
BRDA:72,3,1,0
BRDA:73,4,0,0
BRDA:73,4,1,0
BRDA:74,5,0,0
BRDA:74,5,1,0
BRDA:75,6,0,0
BRDA:75,6,1,0
BRDA:80,7,0,0
BRDA:84,8,0,0
BRDA:84,8,1,0
BRDA:84,9,0,0
BRDA:84,9,1,0
BRDA:85,10,0,0
BRDA:87,11,0,0
BRDA:95,12,0,0
BRDA:97,13,0,0
BRDA:151,14,0,0
BRDA:198,15,0,0
BRDA:219,16,0,0
BRDA:219,16,1,0
BRDA:248,17,0,0
BRF:27
BRH:0
end_of_record
TN:
SF:agents\pdf\security\permission-manager.ts
FN:63,(anonymous_0)
FN:70,(anonymous_1)
FN:94,(anonymous_2)
FN:106,(anonymous_3)
FN:161,(anonymous_4)
FN:189,(anonymous_5)
FN:193,(anonymous_6)
FNF:7
FNH:0
FNDA:0,(anonymous_0)
FNDA:0,(anonymous_1)
FNDA:0,(anonymous_2)
FNDA:0,(anonymous_3)
FNDA:0,(anonymous_4)
FNDA:0,(anonymous_5)
FNDA:0,(anonymous_6)
DA:1,0
DA:40,0
DA:50,0
DA:60,0
DA:64,0
DA:71,0
DA:81,0
DA:91,0
DA:95,0
DA:107,0
DA:108,0
DA:110,0
DA:111,0
DA:114,0
DA:115,0
DA:118,0
DA:119,0
DA:122,0
DA:123,0
DA:126,0
DA:127,0
DA:130,0
DA:131,0
DA:134,0
DA:135,0
DA:138,0
DA:139,0
DA:140,0
DA:143,0
DA:144,0
DA:148,0
DA:154,0
DA:162,0
DA:172,0
DA:186,0
DA:190,0
DA:194,0
DA:196,0
DA:198,0
DA:200,0
DA:202,0
DA:207,0
DA:208,0
LF:43
LH:0
BRDA:65,0,0,0
BRDA:65,0,1,0
BRDA:66,1,0,0
BRDA:66,1,1,0
BRDA:73,2,0,0
BRDA:73,2,1,0
BRDA:73,2,2,0
BRDA:74,3,0,0
BRDA:74,3,1,0
BRDA:74,3,2,0
BRDA:75,4,0,0
BRDA:75,4,1,0
BRDA:76,5,0,0
BRDA:76,5,1,0
BRDA:76,5,2,0
BRDA:77,6,0,0
BRDA:77,6,1,0
BRDA:78,7,0,0
BRDA:78,7,1,0
BRDA:110,8,0,0
BRDA:114,9,0,0
BRDA:118,10,0,0
BRDA:122,11,0,0
BRDA:126,12,0,0
BRDA:130,13,0,0
BRDA:134,14,0,0
BRDA:138,15,0,0
BRDA:139,16,0,0
BRDA:139,17,0,0
BRDA:139,17,1,0
BRDA:139,17,2,0
BRDA:143,18,0,0
BRDA:143,19,0,0
BRDA:143,19,1,0
BRDA:163,20,0,0
BRDA:163,20,1,0
BRDA:164,21,0,0
BRDA:164,21,1,0
BRDA:165,22,0,0
BRDA:165,22,1,0
BRDA:166,23,0,0
BRDA:166,23,1,0
BRDA:167,24,0,0
BRDA:167,24,1,0
BRDA:168,25,0,0
BRDA:168,25,1,0
BRDA:169,26,0,0
BRDA:169,26,1,0
BRDA:189,27,0,0
BRDA:190,28,0,0
BRDA:190,28,1,0
BRDA:194,29,0,0
BRDA:194,29,1,0
BRDA:194,29,2,0
BRDA:194,29,3,0
BRF:55
BRH:0
end_of_record
TN:
SF:agents\pdf\templates\index.ts
FN:10,(anonymous_0)
FN:11,(anonymous_1)
FN:12,(anonymous_2)
FN:16,(anonymous_3)
FN:17,(anonymous_4)
FN:18,(anonymous_5)
FN:21,(anonymous_6)
FN:22,(anonymous_7)
FN:23,(anonymous_8)
FNF:9
FNH:0
FNDA:0,(anonymous_0)
FNDA:0,(anonymous_1)
FNDA:0,(anonymous_2)
FNDA:0,(anonymous_3)
FNDA:0,(anonymous_4)
FNDA:0,(anonymous_5)
FNDA:0,(anonymous_6)
FNDA:0,(anonymous_7)
FNDA:0,(anonymous_8)
DA:9,0
DA:10,0
DA:11,0
DA:12,0
DA:16,0
DA:17,0
DA:18,0
DA:21,0
DA:22,0
DA:23,0
LF:10
LH:0
BRF:0
BRH:0
end_of_record
TN:
SF:agents\pdf\templates\standard.ts
FN:30,(anonymous_0)
FN:53,(anonymous_1)
FN:57,(anonymous_2)
FN:61,(anonymous_3)
FN:80,(anonymous_4)
FN:103,(anonymous_5)
FN:115,(anonymous_6)
FN:127,(anonymous_7)
FN:138,(anonymous_8)
FN:175,(anonymous_9)
FN:213,(anonymous_10)
FN:233,(anonymous_11)
FN:238,(anonymous_12)
FN:254,(anonymous_13)
FN:277,(anonymous_14)
FN:300,(anonymous_15)
FN:330,(anonymous_16)
FN:334,(anonymous_17)
FN:352,createStandardTemplate
FNF:19
FNH:0
FNDA:0,(anonymous_0)
FNDA:0,(anonymous_1)
FNDA:0,(anonymous_2)
FNDA:0,(anonymous_3)
FNDA:0,(anonymous_4)
FNDA:0,(anonymous_5)
FNDA:0,(anonymous_6)
FNDA:0,(anonymous_7)
FNDA:0,(anonymous_8)
FNDA:0,(anonymous_9)
FNDA:0,(anonymous_10)
FNDA:0,(anonymous_11)
FNDA:0,(anonymous_12)
FNDA:0,(anonymous_13)
FNDA:0,(anonymous_14)
FNDA:0,(anonymous_15)
FNDA:0,(anonymous_16)
FNDA:0,(anonymous_17)
FNDA:0,createStandardTemplate
DA:3,0
DA:26,0
DA:31,0
DA:48,0
DA:50,0
DA:54,0
DA:58,0
DA:67,0
DA:88,0
DA:104,0
DA:116,0
DA:128,0
DA:139,0
DA:186,0
DA:222,0
DA:234,0
DA:235,0
DA:244,0
DA:245,0
DA:246,0
DA:248,0
DA:262,0
DA:263,0
DA:264,0
DA:266,0
DA:267,0
DA:269,0
DA:284,0
DA:285,0
DA:286,0
DA:288,0
DA:289,0
DA:290,0
DA:292,0
DA:297,0
DA:306,0
DA:308,0
DA:309,0
DA:310,0
DA:312,0
DA:318,0
DA:319,0
DA:320,0
DA:324,0
DA:327,0
DA:331,0
DA:335,0
DA:352,0
DA:355,0
LF:49
LH:0
BRDA:32,0,0,0
BRDA:32,0,1,0
BRDA:33,1,0,0
BRDA:33,1,1,0
BRDA:34,2,0,0
BRDA:34,2,1,0
BRDA:35,3,0,0
BRDA:35,3,1,0
BRDA:36,4,0,0
BRDA:36,4,1,0
BRDA:37,5,0,0
BRDA:37,5,1,0
BRDA:38,6,0,0
BRDA:38,6,1,0
BRDA:39,7,0,0
BRDA:39,7,1,0
BRDA:40,8,0,0
BRDA:40,8,1,0
BRDA:41,9,0,0
BRDA:41,9,1,0
BRDA:286,10,0,0
BRDA:286,10,1,0
BRDA:288,11,0,0
BRDA:288,11,1,0
BRDA:289,12,0,0
BRDA:289,12,1,0
BRDA:290,13,0,0
BRDA:290,13,1,0
BRDA:297,14,0,0
BRDA:297,14,1,0
BRDA:297,15,0,0
BRDA:297,15,1,0
BRDA:308,16,0,0
BRDA:308,16,1,0
BRDA:309,17,0,0
BRDA:309,17,1,0
BRDA:310,18,0,0
BRDA:310,18,1,0
BRDA:314,19,0,0
BRDA:314,19,1,0
BRDA:321,20,0,0
BRDA:321,20,1,0
BRDA:324,21,0,0
BRDA:324,21,1,0
BRDA:324,22,0,0
BRDA:324,22,1,0
BRDA:327,23,0,0
BRDA:327,23,1,0
BRF:48
BRH:0
end_of_record
TN:
SF:agents\pdf\templates\technical.ts
FN:33,(anonymous_0)
FN:59,(anonymous_1)
FN:63,(anonymous_2)
FN:67,(anonymous_3)
FN:88,(anonymous_4)
FN:111,(anonymous_5)
FN:123,(anonymous_6)
FN:135,(anonymous_7)
FN:146,(anonymous_8)
FN:166,(anonymous_9)
FN:203,(anonymous_10)
FN:241,(anonymous_11)
FN:267,(anonymous_12)
FN:272,(anonymous_13)
FN:294,(anonymous_14)
FN:324,(anonymous_15)
FN:357,(anonymous_16)
FN:387,(anonymous_17)
FN:429,(anonymous_18)
FN:483,(anonymous_19)
FN:487,(anonymous_20)
FN:505,createTechnicalTemplate
FNF:22
FNH:0
FNDA:0,(anonymous_0)
FNDA:0,(anonymous_1)
FNDA:0,(anonymous_2)
FNDA:0,(anonymous_3)
FNDA:0,(anonymous_4)
FNDA:0,(anonymous_5)
FNDA:0,(anonymous_6)
FNDA:0,(anonymous_7)
FNDA:0,(anonymous_8)
FNDA:0,(anonymous_9)
FNDA:0,(anonymous_10)
FNDA:0,(anonymous_11)
FNDA:0,(anonymous_12)
FNDA:0,(anonymous_13)
FNDA:0,(anonymous_14)
FNDA:0,(anonymous_15)
FNDA:0,(anonymous_16)
FNDA:0,(anonymous_17)
FNDA:0,(anonymous_18)
FNDA:0,(anonymous_19)
FNDA:0,(anonymous_20)
FNDA:0,createTechnicalTemplate
DA:3,0
DA:29,0
DA:34,0
DA:54,0
DA:56,0
DA:60,0
DA:64,0
DA:74,0
DA:96,0
DA:112,0
DA:124,0
DA:136,0
DA:155,0
DA:167,0
DA:214,0
DA:253,0
DA:268,0
DA:269,0
DA:278,0
DA:279,0
DA:280,0
DA:282,0
DA:287,0
DA:288,0
DA:289,0
DA:290,0
DA:291,0
DA:302,0
DA:303,0
DA:304,0
DA:306,0
DA:307,0
DA:308,0
DA:309,0
DA:310,0
DA:311,0
DA:313,0
DA:314,0
DA:316,0
DA:331,0
DA:332,0
DA:333,0
DA:335,0
DA:336,0
DA:337,0
DA:339,0
DA:344,0
DA:346,0
DA:347,0
DA:348,0
DA:349,0
DA:350,0
DA:351,0
DA:354,0
DA:363,0
DA:365,0
DA:366,0
DA:367,0
DA:369,0
DA:375,0
DA:376,0
DA:377,0
DA:381,0
DA:384,0
DA:394,0
DA:396,0
DA:397,0
DA:398,0
DA:399,0
DA:401,0
DA:402,0
DA:404,0
DA:405,0
DA:406,0
DA:408,0
DA:409,0
DA:410,0
DA:414,0
DA:417,0
DA:418,0
DA:419,0
DA:420,0
DA:421,0
DA:426,0
DA:436,0
DA:443,0
DA:444,0
DA:446,0
DA:447,0
DA:448,0
DA:450,0
DA:451,0
DA:453,0
DA:454,0
DA:456,0
DA:457,0
DA:458,0
DA:460,0
DA:461,0
DA:462,0
DA:463,0
DA:467,0
DA:468,0
DA:469,0
DA:471,0
DA:472,0
DA:473,0
DA:477,0
DA:480,0
DA:484,0
DA:488,0
DA:505,0
DA:508,0
LF:113
LH:0
BRDA:35,0,0,0
BRDA:35,0,1,0
BRDA:36,1,0,0
BRDA:36,1,1,0
BRDA:37,2,0,0
BRDA:37,2,1,0
BRDA:38,3,0,0
BRDA:38,3,1,0
BRDA:39,4,0,0
BRDA:39,4,1,0
BRDA:40,5,0,0
BRDA:40,5,1,0
BRDA:41,6,0,0
BRDA:41,6,1,0
BRDA:42,7,0,0
BRDA:42,7,1,0
BRDA:43,8,0,0
BRDA:43,8,1,0
BRDA:44,9,0,0
BRDA:44,9,1,0
BRDA:45,10,0,0
BRDA:45,10,1,0
BRDA:46,11,0,0
BRDA:46,11,1,0
BRDA:47,12,0,0
BRDA:47,12,1,0
BRDA:333,13,0,0
BRDA:333,13,1,0
BRDA:335,14,0,0
BRDA:335,14,1,0
BRDA:336,15,0,0
BRDA:336,15,1,0
BRDA:337,16,0,0
BRDA:337,16,1,0
BRDA:344,17,0,0
BRDA:344,17,1,0
BRDA:344,18,0,0
BRDA:344,18,1,0
BRDA:346,19,0,0
BRDA:365,20,0,0
BRDA:365,20,1,0
BRDA:366,21,0,0
BRDA:366,21,1,0
BRDA:367,22,0,0
BRDA:367,22,1,0
BRDA:371,23,0,0
BRDA:371,23,1,0
BRDA:378,24,0,0
BRDA:378,24,1,0
BRDA:381,25,0,0
BRDA:381,25,1,0
BRDA:381,26,0,0
BRDA:381,26,1,0
BRDA:384,27,0,0
BRDA:384,27,1,0
BRDA:392,28,0,0
BRDA:417,29,0,0
BRDA:434,30,0,0
BRDA:443,31,0,0
BRDA:443,31,1,0
BRDA:444,32,0,0
BRDA:444,32,1,0
BRDA:444,33,0,0
BRDA:444,33,1,0
BRDA:444,34,0,0
BRDA:444,34,1,0
BRDA:450,35,0,0
BRDA:450,35,1,0
BRDA:467,36,0,0
BRDA:467,36,1,0
BRDA:468,37,0,0
BRDA:468,37,1,0
BRF:72
BRH:0
end_of_record
TN:
SF:agents\pdf\templates\template-registry.ts
FN:6,createTemplate
FN:22,getTemplateName
FN:26,getTemplateStyling
FNF:3
FNH:0
FNDA:0,createTemplate
FNDA:0,getTemplateName
FNDA:0,getTemplateStyling
DA:2,0
DA:3,0
DA:4,0
DA:6,0
DA:10,0
DA:12,0
DA:14,0
DA:16,0
DA:18,0
DA:22,0
DA:23,0
DA:26,0
DA:29,0
LF:13
LH:0
BRDA:10,0,0,0
BRDA:10,0,1,0
BRDA:10,0,2,0
BRDA:10,0,3,0
BRF:4
BRH:0
end_of_record
TN:
SF:agents\pdf\templates\whitepaper.ts
FN:33,(anonymous_0)
FN:58,(anonymous_1)
[...]
BRDA:310,10,1,0
BRDA:310,10,2,0
BRDA:343,11,0,0
BRDA:343,11,1,0
BRF:22
BRH:0
end_of_record
TN:
SF:tools\audit.ts
FN:7,logToolCall
FN:35,replayRun
FN:50,checkReproducibility
FNF:3
FNH:0
FNDA:0,logToolCall
FNDA:0,replayRun
FNDA:0,checkReproducibility
DA:1,0
DA:2,0
DA:7,0
DA:8,0
DA:9,0
DA:10,0
DA:13,0
DA:14,0
DA:21,0
DA:22,0
DA:23,0
DA:25,0
DA:27,0
DA:29,0
DA:35,0
DA:36,0
DA:37,0
DA:39,0
DA:40,0
DA:43,0
DA:44,0
DA:50,0
DA:52,0
LF:23
LH:0
BRDA:9,0,0,0
BRDA:22,1,0,0
BRDA:39,2,0,0
BRF:3
BRH:0
end_of_record
TN:
SF:tools\ci.ts
FN:10,verify
FN:16,(anonymous_1)
FN:22,(anonymous_2)
FNF:3
FNH:0
FNDA:0,verify
FNDA:0,(anonymous_1)
FNDA:0,(anonymous_2)
DA:2,0
DA:4,0
DA:10,0
DA:14,0
DA:16,0
DA:22,0
DA:24,0
DA:25,0
LF:8
LH:0
BRF:0
BRH:0
end_of_record
TN:
SF:tools\codegen.ts
FN:37,generatePackageJson
FN:145,generateTsconfig
FN:170,generateMainEntry
FN:245,generateTestFile
FN:308,generateDockerfile
FN:345,generateGitignore
FN:392,scaffold
FN:474,(anonymous_16)
FN:495,generateFeature
FN:581,generateTests
FN:640,pascalCase
FN:642,(anonymous_20)
FN:643,(anonymous_21)
FNF:13
FNH:0
FNDA:0,generatePackageJson
FNDA:0,generateTsconfig
FNDA:0,generateMainEntry
FNDA:0,generateTestFile
FNDA:0,generateDockerfile
FNDA:0,generateGitignore
FNDA:0,scaffold
FNDA:0,(anonymous_16)
FNDA:0,generateFeature
FNDA:0,generateTests
FNDA:0,pascalCase
FNDA:0,(anonymous_20)
FNDA:0,(anonymous_21)
DA:10,0
DA:11,0
DA:12,0
DA:14,0
DA:38,0
DA:47,0
DA:49,0
DA:56,0
DA:61,0
DA:70,0
DA:73,0
DA:80,0
DA:87,0
DA:95,0
DA:98,0
DA:104,0
DA:111,0
DA:123,0
DA:126,0
DA:131,0
DA:132,0
DA:139,0
DA:146,0
DA:171,0
DA:173,0
DA:188,0
DA:200,0
DA:236,0
DA:246,0
DA:248,0
DA:260,0
DA:281,0
DA:296,0
DA:309,0
DA:311,0
DA:346,0
DA:392,0
DA:397,0
DA:399,0
DA:401,0
DA:402,0
DA:405,0
DA:406,0
DA:407,0
DA:409,0
DA:412,0
DA:413,0
DA:414,0
DA:417,0
DA:418,0
DA:419,0
DA:422,0
DA:423,0
DA:424,0
DA:427,0
DA:428,0
DA:429,0
DA:432,0
DA:433,0
DA:434,0
DA:437,0
DA:438,0
DA:439,0
DA:440,0
DA:442,0
DA:443,0
DA:444,0
DA:448,0
DA:449,0
DA:466,0
DA:468,0
DA:474,0
DA:482,0
DA:489,0
DA:495,0
DA:499,0
DA:501,0
DA:502,0
DA:504,0
DA:505,0
DA:508,0
DA:511,0
DA:536,0
DA:537,0
DA:538,0
DA:541,0
DA:562,0
DA:563,0
DA:564,0
DA:566,0
DA:572,0
DA:581,0
DA:587,0
DA:589,0
DA:591,0
DA:592,0
DA:595,0
DA:597,0
DA:628,0
DA:629,0
DA:630,0
DA:632,0
DA:636,0
DA:641,0
DA:642,0
DA:643,0
LF:106
LH:0
BRDA:47,0,0,0
BRDA:47,0,1,0
BRDA:47,0,2,0
BRDA:47,0,3,0
BRDA:171,1,0,0
BRDA:171,1,1,0
BRDA:171,1,2,0
BRDA:171,1,3,0
BRDA:246,2,0,0
BRDA:246,2,1,0
BRDA:246,2,2,0
BRDA:246,2,3,0
BRDA:309,3,0,0
BRDA:309,3,1,0
BRDA:399,4,0,0
BRDA:399,4,1,0
BRDA:401,5,0,0
BRDA:437,6,0,0
BRDA:499,7,0,0
BRDA:499,7,1,0
BRDA:501,8,0,0
BRDA:501,8,1,0
BRDA:504,9,0,0
BRDA:589,10,0,0
BRDA:589,10,1,0
BRDA:591,11,0,0
BRF:26
BRH:0
end_of_record
TN:
SF:tools\delivery.ts
FN:9,generateRunbook
FN:18,generateNginxConfig
FN:21,(anonymous_2)
FN:34,runSmoketest
FN:43,packageHandoff
FNF:5
FNH:0
FNDA:0,generateRunbook
FNDA:0,generateNginxConfig
FNDA:0,(anonymous_2)
FNDA:0,runSmoketest
FNDA:0,packageHandoff
DA:2,0
DA:4,0
DA:9,0
DA:10,0
DA:12,0
DA:14,0
DA:15,0
DA:18,0
DA:19,0
DA:21,0
DA:30,0
DA:31,0
DA:34,0
DA:35,0
DA:36,0
DA:37,0
DA:39,0
DA:40,0
DA:43,0
DA:44,0
DA:45,0
DA:47,0
DA:48,0
LF:23
LH:0
BRF:0
BRH:0
end_of_record
TN:
SF:tools\discovery.ts
FN:71,detectLanguages
FN:93,scanDir
FN:128,categorizeDep
FN:134,(anonymous_12)
FN:140,(anonymous_13)
FN:145,(anonymous_14)
FN:150,(anonymous_15)
FN:156,(anonymous_16)
FN:166,detectFrameworks
FN:236,analyzeStructure
FN:247,scanDir
FN:265,(anonymous_20)
FN:268,(anonymous_21)
FN:315,identifySecurityRisks
FN:319,checkFileSecrets
FN:333,scanForSecrets
FN:371,generateRecommendations
FN:391,(anonymous_26)
FN:395,(anonymous_27)
FN:413,startSession
FN:439,(anonymous_29)
FN:455,(anonymous_30)
FN:497,exportSession
FN:526,(anonymous_32)
FN:529,(anonymous_33)
FN:562,detectStack
FNF:26
FNH:0
FNDA:0,detectLanguages
FNDA:0,scanDir
FNDA:0,categorizeDep
FNDA:0,(anonymous_12)
FNDA:0,(anonymous_13)
FNDA:0,(anonymous_14)
FNDA:0,(anonymous_15)
FNDA:0,(anonymous_16)
FNDA:0,detectFrameworks
FNDA:0,analyzeStructure
FNDA:0,scanDir
FNDA:0,(anonymous_20)
FNDA:0,(anonymous_21)
FNDA:0,identifySecurityRisks
FNDA:0,checkFileSecrets
FNDA:0,scanForSecrets
FNDA:0,generateRecommendations
FNDA:0,(anonymous_26)
FNDA:0,(anonymous_27)
FNDA:0,startSession
FNDA:0,(anonymous_29)
FNDA:0,(anonymous_30)
FNDA:0,exportSession
FNDA:0,(anonymous_32)
FNDA:0,(anonymous_33)
FNDA:0,detectStack
DA:11,0
DA:12,0
DA:13,0
DA:14,0
DA:16,0
DA:72,0
DA:73,0
DA:94,0
DA:96,0
DA:97,0
DA:98,0
DA:99,0
DA:102,0
DA:105,0
DA:107,0
DA:108,0
DA:109,0
DA:110,0
DA:111,0
DA:112,0
DA:121,0
DA:122,0
DA:129,0
DA:132,0
DA:134,0
DA:135,0
DA:139,0
DA:140,0
DA:141,0
DA:145,0
DA:146,0
DA:150,0
DA:151,0
DA:155,0
DA:156,0
DA:157,0
DA:160,0
DA:167,0
DA:168,0
DA:169,0
DA:170,0
DA:171,0
DA:172,0
DA:175,0
DA:176,0
DA:177,0
DA:178,0
DA:179,0
DA:181,0
DA:182,0
DA:183,0
DA:184,0
DA:185,0
DA:186,0
DA:187,0
DA:191,0
DA:192,0
DA:193,0
DA:198,0
DA:199,0
DA:200,0
DA:201,0
DA:202,0
DA:204,0
DA:205,0
DA:206,0
DA:208,0
DA:209,0
DA:210,0
DA:211,0
DA:214,0
DA:219,0
DA:220,0
DA:223,0
DA:237,0
DA:238,0
DA:239,0
DA:240,0
DA:241,0
DA:242,0
DA:244,0
DA:245,0
DA:248,0
DA:250,0
DA:251,0
DA:253,0
DA:254,0
DA:257,0
DA:260,0
DA:262,0
DA:263,0
DA:265,0
DA:266,0
DA:268,0
DA:269,0
DA:272,0
DA:273,0
DA:274,0
DA:276,0
DA:277,0
DA:278,0
DA:279,0
DA:280,0
DA:284,0
DA:288,0
DA:291,0
DA:292,0
DA:293,0
DA:300,0
DA:302,0
DA:316,0
DA:317,0
DA:320,0
DA:321,0
DA:322,0
DA:324,0
DA:325,0
DA:326,0
DA:327,0
DA:334,0
DA:336,0
DA:337,0
DA:338,0
DA:339,0
DA:341,0
DA:343,0
DA:344,0
DA:345,0
DA:346,0
DA:347,0
DA:348,0
DA:355,0
DA:357,0
DA:358,0
DA:361,0
DA:362,0
DA:365,0
DA:372,0
DA:374,0
DA:375,0
DA:378,0
DA:379,0
DA:382,0
DA:383,0
DA:386,0
DA:388,0
DA:391,0
DA:392,0
DA:395,0
DA:396,0
DA:399,0
DA:400,0
DA:403,0
DA:404,0
DA:407,0
DA:413,0
DA:414,0
DA:415,0
DA:417,0
DA:418,0
DA:420,0
DA:421,0
DA:424,0
DA:425,0
DA:427,0
DA:437,0
DA:438,0
DA:439,0
DA:446,0
DA:448,0
DA:455,0
DA:470,0
DA:481,0
DA:489,0
DA:491,0
DA:497,0
DA:502,0
DA:504,0
DA:505,0
DA:508,0
DA:509,0
DA:526,0
DA:529,0
DA:532,0
DA:545,0
DA:547,0
DA:552,0
DA:562,0
DA:563,0
DA:565,0
LF:190
LH:0
BRDA:93,0,0,0
BRDA:94,1,0,0
BRDA:99,2,0,0
BRDA:99,3,0,0
BRDA:99,3,1,0
BRDA:99,3,2,0
BRDA:99,3,3,0
BRDA:99,3,4,0
BRDA:99,3,5,0
BRDA:107,4,0,0
BRDA:107,4,1,0
BRDA:109,5,0,0
BRDA:111,6,0,0
BRDA:132,7,0,0
BRDA:139,8,0,0
BRDA:145,9,0,0
BRDA:150,10,0,0
BRDA:155,11,0,0
BRDA:176,12,0,0
BRDA:183,13,0,0
BRDA:183,13,1,0
BRDA:184,14,0,0
BRDA:184,14,1,0
BRDA:185,15,0,0
BRDA:185,15,1,0
BRDA:186,16,0,0
BRDA:186,16,1,0
BRDA:187,17,0,0
BRDA:191,18,0,0
BRDA:192,19,0,0
BRDA:193,20,0,0
BRDA:199,21,0,0
BRDA:206,22,0,0
BRDA:206,23,0,0
BRDA:206,23,1,0
BRDA:209,24,0,0
BRDA:209,24,1,0
BRDA:210,25,0,0
BRDA:210,25,1,0
BRDA:211,26,0,0
BRDA:219,27,0,0
BRDA:247,28,0,0
BRDA:248,29,0,0
BRDA:254,30,0,0
BRDA:254,31,0,0
BRDA:254,31,1,0
BRDA:254,31,2,0
BRDA:254,31,3,0
BRDA:254,31,4,0
BRDA:254,31,5,0
BRDA:262,32,0,0
BRDA:262,32,1,0
BRDA:265,33,0,0
BRDA:265,34,0,0
BRDA:265,34,1,0
BRDA:268,35,0,0
BRDA:268,36,0,0
BRDA:268,36,1,0
BRDA:273,37,0,0
BRDA:277,38,0,0
BRDA:284,39,0,0
BRDA:284,40,0,0
BRDA:284,40,1,0
BRDA:284,40,2,0
BRDA:284,40,3,0
BRDA:284,40,4,0
BRDA:284,40,5,0
BRDA:284,40,6,0
BRDA:292,41,0,0
BRDA:325,42,0,0
BRDA:325,43,0,0
BRDA:325,43,1,0
BRDA:325,43,2,0
BRDA:333,44,0,0
BRDA:334,45,0,0
BRDA:339,46,0,0
BRDA:339,47,0,0
BRDA:339,47,1,0
BRDA:339,47,2,0
BRDA:343,48,0,0
BRDA:343,48,1,0
BRDA:345,49,0,0
BRDA:347,50,0,0
BRDA:357,51,0,0
BRDA:361,52,0,0
BRDA:361,53,0,0
BRDA:361,53,1,0
BRDA:374,54,0,0
BRDA:378,55,0,0
BRDA:378,56,0,0
BRDA:378,56,1,0
BRDA:382,57,0,0
BRDA:386,58,0,0
BRDA:386,59,0,0
BRDA:386,59,1,0
BRDA:386,59,2,0
BRDA:391,60,0,0
BRDA:391,61,0,0
BRDA:391,61,1,0
BRDA:395,62,0,0
BRDA:399,63,0,0
BRDA:399,64,0,0
BRDA:399,64,1,0
BRDA:403,65,0,0
BRDA:403,66,0,0
BRDA:403,66,1,0
BRDA:414,67,0,0
BRDA:414,67,1,0
BRDA:420,68,0,0
BRDA:466,69,0,0
BRDA:466,69,1,0
BRDA:504,70,0,0
BRDA:526,71,0,0
BRDA:526,71,1,0
BRDA:563,72,0,0
BRDA:563,72,1,0
BRF:116
BRH:0
end_of_record
TN:
SF:tools\docs.ts
FN:9,generatePRD
FN:22,generateSOW
FNF:2
FNH:0
FNDA:0,generatePRD
FNDA:0,generateSOW
DA:2,0
DA:4,0
DA:9,0
DA:10,0
DA:13,0
DA:15,0
DA:16,0
DA:22,0
DA:23,0
DA:25,0
DA:27,0
DA:28,0
LF:12
LH:0
BRF:0
BRH:0
end_of_record
TN:
SF:tools\index.ts
FNF:0
FNH:0
DA:1,0
LF:1
LH:0
BRF:0
BRH:0
end_of_record
TN:
SF:tools\mcp-server.ts
FN:28,(anonymous_0)
FN:209,(anonymous_1)
FN:290,(anonymous_2)
FN:368,main
FN:376,(anonymous_4)
FNF:5
FNH:0
FNDA:0,(anonymous_0)
FNDA:0,(anonymous_1)
FNDA:0,(anonymous_2)
FNDA:0,main
FNDA:0,(anonymous_4)
DA:1,0
DA:2,0
DA:3,0
DA:7,0
DA:8,0
DA:9,0
DA:10,0
DA:11,0
DA:13,0
DA:28,0
DA:29,0
DA:209,0
DA:210,0
DA:212,0
DA:214,0
DA:216,0
DA:217,0
DA:219,0
DA:220,0
DA:222,0
DA:223,0
DA:225,0
DA:226,0
DA:228,0
DA:229,0
DA:231,0
DA:232,0
DA:234,0
DA:235,0
DA:237,0
DA:238,0
DA:239,0
DA:240,0
DA:257,0
DA:260,0
DA:261,0
DA:262,0
DA:273,0
DA:276,0
DA:277,0
DA:284,0
DA:287,0
DA:288,0
DA:290,0
DA:296,0
DA:299,0
DA:312,0
DA:315,0
DA:316,0
DA:317,0
DA:324,0
DA:327,0
DA:328,0
DA:329,0
DA:330,0
DA:338,0
DA:341,0
DA:344,0
DA:353,0
DA:368,0
DA:369,0
DA:370,0
DA:371,0
DA:375,0
DA:376,0
DA:377,0
DA:378,0
LF:67
LH:0
BRDA:214,0,0,0
BRDA:214,0,1,0
BRDA:214,0,2,0
BRDA:214,0,3,0
BRDA:214,0,4,0
BRDA:214,0,5,0
BRDA:214,0,6,0
BRDA:214,0,7,0
BRDA:214,0,8,0
BRDA:214,0,9,0
BRDA:214,0,10,0
BRDA:214,0,11,0
BRDA:214,0,12,0
BRDA:214,0,13,0
BRDA:214,0,14,0
BRDA:234,1,0,0
BRDA:234,1,1,0
BRDA:238,2,0,0
BRDA:238,2,1,0
BRDA:239,3,0,0
BRDA:239,3,1,0
BRDA:316,4,0,0
BRDA:316,4,1,0
BRDA:328,5,0,0
BRDA:328,5,1,0
BRDA:375,6,0,0
BRF:26
BRH:0
end_of_record
TN:
SF:tools\proposal.ts
FN:89,calculateComplexity
FN:150,generateCostEstimate
FN:214,calculateTimeline
FN:215,(anonymous_12)
FN:236,generateProposal
FN:276,(anonymous_14)
FN:277,(anonymous_15)
FN:330,(anonymous_16)
FN:340,(anonymous_17)
FN:347,(anonymous_18)
FN:420,peerReview
FN:455,packageExport
FN:478,(anonymous_21)
FN:482,(anonymous_22)
FN:483,(anonymous_23)
FNF:15
FNH:0
FNDA:0,calculateComplexity
FNDA:0,generateCostEstimate
FNDA:0,calculateTimeline
FNDA:0,(anonymous_12)
FNDA:0,generateProposal
FNDA:0,(anonymous_14)
FNDA:0,(anonymous_15)
FNDA:0,(anonymous_16)
FNDA:0,(anonymous_17)
FNDA:0,(anonymous_18)
FNDA:0,peerReview
FNDA:0,packageExport
FNDA:0,(anonymous_21)
FNDA:0,(anonymous_22)
FNDA:0,(anonymous_23)
DA:10,0
DA:11,0
DA:12,0
DA:13,0
DA:16,0
DA:19,0
DA:30,0
DA:38,0
DA:90,0
DA:91,0
DA:94,0
DA:95,0
DA:96,0
DA:97,0
DA:98,0
DA:99,0
DA:100,0
DA:101,0
DA:102,0
DA:106,0
DA:107,0
DA:108,0
DA:109,0
DA:110,0
DA:111,0
DA:115,0
DA:116,0
DA:117,0
DA:118,0
DA:119,0
DA:122,0
DA:123,0
DA:126,0
DA:127,0
DA:128,0
DA:132,0
DA:133,0
DA:134,0
DA:139,0
DA:140,0
DA:141,0
DA:142,0
DA:144,0
DA:151,0
DA:152,0
DA:155,0
DA:156,0
DA:168,0
DA:169,0
DA:182,0
DA:183,0
DA:196,0
DA:197,0
DA:208,0
DA:215,0
DA:218,0
DA:221,0
DA:223,0
DA:230,0
DA:236,0
DA:237,0
DA:240,0
DA:241,0
DA:244,0
DA:245,0
DA:248,0
DA:258,0
DA:269,0
DA:272,0
DA:273,0
DA:276,0
DA:277,0
DA:280,0
DA:330,0
DA:340,0
DA:347,0
DA:382,0
DA:405,0
DA:414,0
DA:420,0
DA:421,0
DA:422,0
DA:423,0
DA:425,0
DA:427,0
DA:428,0
DA:429,0
DA:430,0
DA:432,0
DA:435,0
DA:436,0
DA:437,0
DA:438,0
DA:439,0
DA:442,0
DA:443,0
DA:444,0
DA:445,0
DA:448,0
DA:449,0
DA:455,0
DA:456,0
DA:458,0
DA:459,0
DA:460,0
DA:463,0
DA:464,0
DA:465,0
DA:468,0
DA:469,0
DA:470,0
DA:473,0
DA:474,0
DA:475,0
DA:478,0
DA:479,0
DA:480,0
DA:482,0
DA:483,0
DA:485,0
DA:487,0
DA:488,0
DA:491,0
DA:494,0
DA:499,0
LF:125
LH:0
BRDA:94,0,0,0
BRDA:94,0,1,0
BRDA:97,1,0,0
BRDA:97,1,1,0
BRDA:100,2,0,0
BRDA:106,3,0,0
BRDA:106,3,1,0
BRDA:109,4,0,0
BRDA:118,5,0,0
BRDA:126,6,0,0
BRDA:132,7,0,0
BRDA:139,8,0,0
BRDA:139,8,1,0
BRDA:140,9,0,0
BRDA:140,9,1,0
BRDA:141,10,0,0
BRDA:141,10,1,0
BRDA:240,11,0,0
BRDA:240,11,1,0
BRDA:240,11,2,0
BRDA:241,12,0,0
BRDA:241,12,1,0
BRDA:241,12,2,0
BRDA:244,13,0,0
BRDA:244,13,1,0
BRDA:245,14,0,0
BRDA:245,14,1,0
BRDA:248,15,0,0
BRDA:248,15,1,0
BRDA:258,16,0,0
BRDA:258,16,1,0
BRDA:272,17,0,0
BRDA:272,17,1,0
BRDA:280,18,0,0
BRDA:280,18,1,0
BRDA:284,19,0,0
BRDA:284,19,1,0
BRDA:310,20,0,0
BRDA:310,20,1,0
BRDA:311,21,0,0
BRDA:311,21,1,0
BRDA:312,22,0,0
BRDA:312,22,1,0
BRDA:313,23,0,0
BRDA:313,23,1,0
BRDA:425,24,0,0
BRDA:425,24,1,0
BRDA:425,24,2,0
BRDA:429,25,0,0
BRDA:459,26,0,0
BRF:50
BRH:0
end_of_record
TN:
SF:tools\qa.ts
FN:39,analyzeForTestTypes
FN:79,generateTestCasesFromCriteria
FN:203,generateTestPlan
FN:210,(anonymous_12)
FN:252,(anonymous_13)
FN:253,(anonymous_14)
FN:254,(anonymous_15)
FN:255,(anonymous_16)
FN:256,(anonymous_17)
FN:282,generateRiskMatrix
FN:288,(anonymous_19)
FN:290,(anonymous_20)
FN:332,(anonymous_21)
FN:353,runStaticAnalysis
FN:420,(anonymous_23)
FN:431,(anonymous_24)
FN:432,(anonymous_25)
FN:440,generateTests
FN:469,(anonymous_27)
FN:501,peerReview
FN:511,(anonymous_29)
FN:518,(anonymous_30)
FN:523,(anonymous_31)
FNF:23
FNH:0
FNDA:0,analyzeForTestTypes
FNDA:0,generateTestCasesFromCriteria
FNDA:0,generateTestPlan
FNDA:0,(anonymous_12)
FNDA:0,(anonymous_13)
FNDA:0,(anonymous_14)
FNDA:0,(anonymous_15)
FNDA:0,(anonymous_16)
FNDA:0,(anonymous_17)
FNDA:0,generateRiskMatrix
FNDA:0,(anonymous_19)
FNDA:0,(anonymous_20)
FNDA:0,(anonymous_21)
FNDA:0,runStaticAnalysis
FNDA:0,(anonymous_23)
FNDA:0,(anonymous_24)
FNDA:0,(anonymous_25)
FNDA:0,generateTests
FNDA:0,(anonymous_27)
FNDA:0,peerReview
FNDA:0,(anonymous_29)
FNDA:0,(anonymous_30)
FNDA:0,(anonymous_31)
DA:10,0
DA:11,0
DA:12,0
DA:13,0
DA:15,0
DA:40,0
DA:41,0
DA:44,0
DA:45,0
DA:46,0
DA:47,0
DA:48,0
DA:50,0
DA:51,0
DA:52,0
DA:54,0
DA:55,0
DA:56,0
DA:58,0
DA:59,0
DA:60,0
DA:62,0
DA:63,0
DA:64,0
DA:66,0
DA:67,0
DA:68,0
DA:73,0
DA:80,0
DA:81,0
DA:83,0
DA:84,0
DA:87,0
DA:88,0
DA:105,0
DA:106,0
DA:122,0
DA:124,0
DA:141,0
DA:143,0
DA:159,0
DA:161,0
DA:178,0
DA:181,0
DA:197,0
DA:203,0
DA:207,0
DA:210,0
DA:211,0
DA:215,0
DA:218,0
DA:248,0
DA:252,0
DA:253,0
DA:254,0
DA:255,0
DA:256,0
DA:270,0
DA:276,0
DA:282,0
DA:286,0
DA:288,0
DA:290,0
DA:300,0
DA:327,0
DA:329,0
DA:332,0
DA:341,0
DA:347,0
DA:353,0
DA:358,0
DA:360,0
DA:363,0
DA:364,0
DA:365,0
DA:373,0
DA:374,0
DA:380,0
DA:382,0
DA:383,0
DA:384,0
DA:385,0
DA:394,0
DA:402,0
DA:403,0
DA:409,0
DA:410,0
DA:420,0
DA:422,0
DA:427,0
DA:431,0
DA:432,0
DA:440,0
DA:444,0
DA:446,0
DA:447,0
DA:449,0
DA:450,0
DA:453,0
DA:455,0
DA:457,0
DA:459,0
DA:460,0
DA:461,0
DA:462,0
DA:464,0
DA:467,0
DA:468,0
DA:469,0
DA:482,0
DA:483,0
DA:484,0
DA:488,0
DA:495,0
DA:501,0
DA:506,0
DA:507,0
DA:508,0
DA:510,0
DA:511,0
DA:513,0
DA:514,0
DA:515,0
DA:518,0
DA:519,0
DA:520,0
DA:523,0
DA:524,0
DA:525,0
DA:529,0
DA:530,0
DA:533,0
DA:535,0
DA:540,0
LF:134
LH:0
BRDA:45,0,0,0
BRDA:50,1,0,0
BRDA:50,2,0,0
BRDA:50,2,1,0
BRDA:54,3,0,0
BRDA:58,4,0,0
BRDA:62,5,0,0
BRDA:66,6,0,0
BRDA:84,7,0,0
BRDA:84,7,1,0
BRDA:84,7,2,0
BRDA:87,8,0,0
BRDA:87,9,0,0
BRDA:87,9,1,0
BRDA:90,10,0,0
BRDA:90,10,1,0
BRDA:105,11,0,0
BRDA:105,12,0,0
BRDA:105,12,1,0
BRDA:108,13,0,0
BRDA:108,13,1,0
BRDA:122,14,0,0
BRDA:122,15,0,0
BRDA:122,15,1,0
BRDA:122,15,2,0
BRDA:122,15,3,0
BRDA:126,16,0,0
BRDA:126,16,1,0
BRDA:141,17,0,0
BRDA:141,18,0,0
BRDA:141,18,1,0
BRDA:141,18,2,0
BRDA:141,18,3,0
BRDA:145,19,0,0
BRDA:145,19,1,0
BRDA:159,20,0,0
BRDA:159,21,0,0
BRDA:159,21,1,0
BRDA:159,21,2,0
BRDA:159,21,3,0
BRDA:163,22,0,0
BRDA:163,22,1,0
BRDA:178,23,0,0
BRDA:178,23,1,0
BRDA:183,24,0,0
BRDA:183,24,1,0
BRDA:210,25,0,0
BRDA:210,25,1,0
BRDA:211,26,0,0
BRDA:211,26,1,0
BRDA:288,27,0,0
BRDA:288,27,1,0
BRDA:293,28,0,0
BRDA:293,28,1,0
BRDA:294,29,0,0
BRDA:294,29,1,0
BRDA:295,30,0,0
BRDA:295,30,1,0
BRDA:342,31,0,0
BRDA:342,31,1,0
BRDA:364,32,0,0
BRDA:380,33,0,0
BRDA:384,34,0,0
BRDA:384,35,0,0
BRDA:384,35,1,0
BRDA:387,36,0,0
BRDA:387,36,1,0
BRDA:397,37,0,0
BRDA:397,37,1,0
BRDA:409,38,0,0
BRDA:409,39,0,0
BRDA:409,39,1,0
BRDA:433,40,0,0
BRDA:433,40,1,0
BRDA:446,41,0,0
BRDA:446,41,1,0
BRDA:447,42,0,0
BRDA:447,42,1,0
BRDA:449,43,0,0
BRDA:455,44,0,0
BRDA:461,45,0,0
BRDA:510,46,0,0
BRDA:513,47,0,0
BRDA:518,48,0,0
BRDA:523,49,0,0
BRDA:529,50,0,0
BRF:86
BRH:0
end_of_record
TN:
SF:tools\rate-limit.ts
FN:4,enforceRateLimit
FN:7,(anonymous_1)
FNF:2
FNH:0
FNDA:0,enforceRateLimit
FNDA:0,(anonymous_1)
DA:4,0
DA:5,0
DA:6,0
DA:7,0
DA:10,0
LF:5
LH:0
BRDA:4,0,0,0
BRDA:5,1,0,0
BRF:2
BRH:0
end_of_record
TN:
SF:tools\research.ts
FN:13,plan
FN:28,gather
FN:56,(anonymous_2)
FN:61,extractClaims
FN:97,analyzeCitations
FN:111,(anonymous_5)
FN:111,(anonymous_6)
FN:148,(anonymous_7)
FN:161,peerReview
FN:192,finalizeDossier
FNF:10
FNH:0
FNDA:0,plan
FNDA:0,gather
FNDA:0,(anonymous_2)
FNDA:0,extractClaims
FNDA:0,analyzeCitations
FNDA:0,(anonymous_5)
FNDA:0,(anonymous_6)
FNDA:0,(anonymous_7)
FNDA:0,peerReview
FNDA:0,finalizeDossier
DA:3,0
DA:4,0
DA:6,0
DA:13,0
DA:15,0
DA:20,0
DA:24,0
DA:25,0
DA:28,0
DA:30,0
DA:32,0
DA:34,0
DA:36,0
DA:37,0
DA:40,0
DA:41,0
DA:44,0
DA:53,0
DA:56,0
DA:57,0
DA:61,0
DA:68,0
DA:69,0
DA:76,0
DA:86,0
DA:88,0
DA:97,0
DA:102,0
DA:110,0
DA:111,0
DA:113,0
DA:114,0
DA:125,0
DA:127,0
DA:128,0
DA:129,0
DA:133,0
DA:134,0
DA:135,0
DA:140,0
DA:142,0
DA:144,0
DA:148,0
DA:149,0
DA:150,0
DA:151,0
DA:156,0
DA:157,0
DA:161,0
DA:163,0
DA:164,0
DA:165,0
DA:167,0
DA:169,0
DA:170,0
DA:171,0
DA:172,0
DA:174,0
DA:175,0
DA:176,0
DA:178,0
DA:179,0
DA:180,0
DA:182,0
DA:183,0
DA:184,0
DA:187,0
DA:188,0
DA:192,0
DA:196,0
DA:197,0
DA:200,0
DA:202,0
DA:209,0
DA:210,0
LF:75
LH:0
BRDA:48,0,0,0
BRDA:48,0,1,0
BRDA:113,1,0,0
BRDA:118,2,0,0
BRDA:118,2,1,0
BRDA:127,3,0,0
BRDA:133,4,0,0
BRDA:133,4,1,0
BRDA:140,5,0,0
BRDA:140,5,1,0
BRDA:150,6,0,0
BRDA:150,7,0,0
BRDA:150,7,1,0
BRDA:150,7,2,0
BRDA:167,8,0,0
BRDA:167,8,1,0
BRDA:167,8,2,0
BRDA:167,8,3,0
BRDA:196,9,0,0
BRF:19
BRH:0
end_of_record
TN:
SF:tools\search.ts
FN:28,search
FN:64,(anonymous_11)
FN:149,searchWithRetry
FN:174,(anonymous_13)
FN:189,searchForFacts
FNF:5
FNH:0
FNDA:0,search
FNDA:0,(anonymous_11)
FNDA:0,searchWithRetry
FNDA:0,(anonymous_13)
FNDA:0,searchForFacts
DA:7,0
DA:8,0
DA:28,0
DA:32,0
DA:34,0
DA:35,0
DA:43,0
DA:45,0
DA:60,0
DA:61,0
DA:64,0
DA:65,0
DA:67,0
DA:68,0
DA:69,0
DA:70,0
DA:72,0
DA:73,0
DA:74,0
DA:77,0
DA:78,0
DA:79,0
DA:80,0
DA:81,0
DA:87,0
DA:88,0
DA:98,0
DA:99,0
DA:100,0
DA:101,0
DA:110,0
DA:119,0
DA:120,0
DA:128,0
DA:129,0
DA:137,0
DA:149,0
DA:157,0
DA:158,0
DA:160,0
DA:161,0
DA:163,0
DA:164,0
DA:168,0
DA:169,0
DA:173,0
DA:174,0
DA:178,0
DA:189,0
DA:193,0
DA:195,0
DA:196,0
DA:199,0
DA:201,0
DA:203,0
DA:205,0
DA:207,0
DA:208,0
DA:210,0
DA:214,0
DA:217,0
LF:61
LH:0
BRDA:32,0,0,0
BRDA:32,0,1,0
BRDA:34,1,0,0
BRDA:34,2,0,0
BRDA:34,2,1,0
BRDA:65,3,0,0
BRDA:72,4,0,0
BRDA:72,4,1,0
BRDA:72,4,2,0
BRDA:73,5,0,0
BRDA:73,5,1,0
BRDA:74,6,0,0
BRDA:74,6,1,0
BRDA:74,6,2,0
BRDA:78,7,0,0
BRDA:81,8,0,0
BRDA:81,8,1,0
BRDA:87,9,0,0
BRDA:87,10,0,0
BRDA:87,10,1,0
BRDA:98,11,0,0
BRDA:100,12,0,0
BRDA:119,13,0,0
BRDA:128,14,0,0
BRDA:141,15,0,0
BRDA:141,15,1,0
BRDA:157,16,0,0
BRDA:157,16,1,0
BRDA:158,17,0,0
BRDA:158,17,1,0
BRDA:163,18,0,0
BRDA:168,19,0,0
BRDA:168,20,0,0
BRDA:168,20,1,0
BRDA:173,21,0,0
BRDA:195,22,0,0
BRDA:205,23,0,0
BRDA:205,23,1,0
BRDA:205,24,0,0
BRDA:205,24,1,0
BRF:40
BRH:0
end_of_record
TN:
SF:tools\source-normalize.ts
FN:7,normalizeSource
FNF:1
FNH:0
FNDA:0,normalizeSource
DA:1,0
DA:2,0
DA:7,0
DA:8,0
DA:12,0
DA:13,0
DA:15,0
LF:7
LH:0
BRF:0
BRH:0
end_of_record
TN:
SF:tools\webfetch.ts
FN:43,isInternalTarget
FN:53,(anonymous_11)
FN:55,(anonymous_12)
FN:56,(anonymous_13)
FN:77,validateUrl
FN:105,webfetch
FN:126,(anonymous_16)
FNF:7
FNH:0
FNDA:0,isInternalTarget
FNDA:0,(anonymous_11)
FNDA:0,(anonymous_12)
FNDA:0,(anonymous_13)
FNDA:0,validateUrl
FNDA:0,webfetch
FNDA:0,(anonymous_16)
DA:6,0
DA:7,0
DA:8,0
DA:19,0
DA:35,0
DA:38,0
DA:45,0
DA:46,0
DA:47,0
DA:52,0
DA:53,0
DA:54,0
DA:55,0
DA:56,0
DA:57,0
DA:59,0
DA:60,0
DA:61,0
DA:62,0
DA:71,0
DA:78,0
DA:79,0
DA:82,0
DA:83,0
DA:87,0
DA:88,0
DA:89,0
DA:93,0
DA:94,0
DA:95,0
DA:96,0
DA:99,0
DA:101,0
DA:105,0
DA:107,0
DA:108,0
DA:109,0
DA:118,0
DA:119,0
DA:126,0
DA:131,0
DA:132,0
DA:134,0
DA:135,0
DA:149,0
DA:156,0
LF:46
LH:0
BRDA:46,0,0,0
BRDA:61,1,0,0
BRDA:82,2,0,0
BRDA:88,3,0,0
BRDA:94,4,0,0
BRDA:94,4,1,0
BRDA:94,5,0,0
BRDA:94,5,1,0
BRDA:95,6,0,0
BRDA:105,7,0,0
BRDA:108,8,0,0
BRDA:134,9,0,0
BRDA:134,10,0,0
BRDA:134,10,1,0
BRDA:152,11,0,0
BRDA:152,11,1,0
BRF:16
BRH:0
end_of_record
